TN:
SF:src\app.js
FN:33,(anonymous_0)
FN:108,(anonymous_1)
FN:109,(anonymous_2)
FN:110,(anonymous_3)
FN:152,(anonymous_4)
FN:170,(anonymous_5)
FN:189,(anonymous_6)
FN:193,(anonymous_7)
FN:201,(anonymous_8)
FN:223,(anonymous_9)
FN:224,(anonymous_10)
FN:229,(anonymous_11)
FN:265,(anonymous_12)
FN:266,(anonymous_13)
FN:267,(anonymous_14)
FNF:15
FNH:1
FNDA:8,(anonymous_0)
FNDA:0,(anonymous_1)
FNDA:0,(anonymous_2)
FNDA:0,(anonymous_3)
FNDA:0,(anonymous_4)
FNDA:0,(anonymous_5)
FNDA:0,(anonymous_6)
FNDA:0,(anonymous_7)
FNDA:0,(anonymous_8)
FNDA:0,(anonymous_9)
FNDA:0,(anonymous_10)
FNDA:0,(anonymous_11)
FNDA:0,(anonymous_12)
FNDA:0,(anonymous_13)
FNDA:0,(anonymous_14)
DA:17,8
DA:18,8
DA:19,8
DA:20,8
DA:21,8
DA:22,8
DA:23,8
DA:24,8
DA:25,8
DA:26,8
DA:27,8
DA:28,8
DA:29,8
DA:32,8
DA:33,8
DA:34,8
DA:35,8
DA:37,8
DA:40,8
DA:41,8
DA:42,8
DA:43,8
DA:44,8
DA:45,8
DA:46,8
DA:47,8
DA:50,8
DA:51,8
DA:52,8
DA:53,8
DA:54,8
DA:55,8
DA:56,8
DA:57,8
DA:60,8
DA:61,8
DA:64,8
DA:65,8
DA:66,8
DA:68,8
DA:69,0
DA:70,0
DA:72,0
DA:79,0
DA:87,0
DA:88,0
DA:90,0
DA:98,0
DA:100,8
DA:104,8
DA:105,8
DA:106,8
DA:110,0
DA:121,8
DA:123,8
DA:124,8
DA:127,8
DA:128,8
DA:129,0
DA:130,0
DA:131,0
DA:132,0
DA:139,0
DA:140,0
DA:143,0
DA:148,8
DA:150,8
DA:151,0
DA:152,0
DA:153,0
DA:156,8
DA:166,8
DA:167,8
DA:168,8
DA:170,8
DA:171,0
DA:172,0
DA:173,0
DA:174,0
DA:175,0
DA:177,0
DA:178,0
DA:181,8
DA:182,8
DA:185,8
DA:189,8
DA:193,8
DA:194,0
DA:195,0
DA:199,0
DA:201,8
DA:209,8
DA:210,8
DA:211,8
DA:212,8
DA:213,8
DA:214,8
DA:215,8
DA:216,8
DA:217,8
DA:218,8
DA:219,8
DA:220,8
DA:223,8
DA:224,8
DA:227,8
DA:228,0
DA:229,0
DA:230,0
DA:231,0
DA:232,0
DA:234,0
DA:235,0
DA:236,0
DA:238,0
DA:239,0
DA:240,0
DA:241,0
DA:242,0
DA:243,0
DA:244,0
DA:247,0
DA:249,0
DA:250,0
DA:256,8
DA:257,8
DA:260,8
DA:261,0
DA:262,0
DA:265,0
DA:266,0
DA:267,0
DA:268,0
DA:274,8
LF:134
LH:81
BRDA:37,0,0,8
BRDA:37,0,1,0
BRDA:68,1,0,0
BRDA:68,1,1,8
BRDA:70,2,0,0
BRDA:70,2,1,0
BRDA:88,3,0,0
BRDA:88,3,1,0
BRDA:106,4,0,8
BRDA:106,4,1,0
BRDA:123,5,0,8
BRDA:123,5,1,0
BRDA:124,6,0,8
BRDA:124,6,1,0
BRDA:128,7,0,0
BRDA:128,7,1,8
BRDA:131,8,0,0
BRDA:131,8,1,0
BRDA:131,9,0,0
BRDA:131,9,1,0
BRDA:139,10,0,0
BRDA:139,10,1,0
BRDA:150,11,0,0
BRDA:150,11,1,8
BRDA:153,12,0,0
BRDA:153,12,1,0
BRDA:157,13,0,8
BRDA:157,13,1,0
BRDA:158,14,0,8
BRDA:158,14,1,0
BRDA:172,15,0,0
BRDA:172,15,1,0
BRDA:174,16,0,0
BRDA:174,16,1,0
BRDA:205,17,0,0
BRDA:205,17,1,0
BRDA:227,18,0,0
BRDA:227,18,1,8
BRDA:227,19,0,8
BRDA:227,19,1,8
BRDA:227,20,0,8
BRDA:227,20,1,0
BRDA:231,21,0,0
BRDA:231,21,1,0
BRDA:231,22,0,0
BRDA:231,22,1,0
BRDA:234,23,0,0
BRDA:234,23,1,0
BRDA:235,24,0,0
BRDA:235,24,1,0
BRDA:235,25,0,0
BRDA:235,25,1,0
BRDA:240,26,0,0
BRDA:240,26,1,0
BRDA:243,27,0,0
BRDA:243,27,1,0
BRDA:260,28,0,0
BRDA:260,28,1,8
BRF:58
BRH:14
end_of_record
TN:
SF:src\config\cache.js
FN:7,parseIntEnv
FN:14,parseBoolEnv
FNF:2
FNH:2
FNDA:39,parseIntEnv
FNDA:26,parseBoolEnv
DA:8,39
DA:9,39
DA:10,0
DA:11,0
DA:15,26
DA:16,26
DA:17,22
DA:18,22
DA:19,11
DA:20,0
DA:23,13
DA:24,13
DA:27,13
DA:28,13
DA:31,13
DA:34,13
DA:36,13
LF:17
LH:14
BRDA:9,0,0,39
BRDA:9,0,1,0
BRDA:9,1,0,39
BRDA:9,1,1,0
BRDA:11,2,0,0
BRDA:11,2,1,0
BRDA:16,3,0,4
BRDA:16,3,1,22
BRDA:16,4,0,26
BRDA:16,4,1,22
BRDA:18,5,0,11
BRDA:18,5,1,11
BRDA:19,6,0,11
BRDA:19,6,1,0
BRDA:24,7,0,13
BRDA:24,7,1,0
BRDA:24,8,0,13
BRDA:24,8,1,11
BRDA:34,9,0,13
BRDA:34,9,1,0
BRF:20
BRH:13
end_of_record
TN:
SF:src\config\database.js
FN:10,connectDB
FN:39,initializeCollections
FN:40,initializeCollection
FNF:3
FNH:3
FNDA:3,connectDB
FNDA:2,initializeCollections
FNDA:54,initializeCollection
DA:1,56
DA:2,56
DA:4,56
DA:5,56
DA:11,3
DA:18,2
DA:25,2
DA:26,2
DA:28,2
DA:31,2
DA:32,2
DA:34,0
DA:35,0
DA:41,54
DA:42,54
DA:43,54
DA:44,27
DA:45,27
DA:47,27
DA:52,54
DA:53,22
DA:56,0
DA:57,0
DA:62,2
DA:96,2
DA:114,2
DA:137,2
DA:143,2
DA:158,2
DA:170,2
DA:185,2
DA:207,2
DA:224,2
DA:239,2
DA:255,2
DA:275,2
DA:292,2
DA:306,2
DA:326,2
DA:384,2
DA:408,2
DA:441,2
DA:456,2
DA:472,2
DA:489,2
DA:506,2
DA:530,2
DA:546,2
DA:562,2
DA:578,2
DA:595,2
DA:619,56
LF:52
LH:48
BRDA:4,0,0,56
BRDA:4,0,1,0
BRDA:11,1,0,1
BRDA:11,1,1,2
BRDA:40,2,0,36
BRDA:43,3,0,27
BRDA:43,3,1,27
BRF:7
BRH:6
end_of_record
TN:
SF:src\config\swagger.js
FNF:0
FNH:0
DA:8,8
DA:10,8
DA:83,8
DA:85,8
LF:4
LH:4
BRF:0
BRH:0
end_of_record
TN:
SF:src\controllers\adminController.js
FN:9,(anonymous_0)
FN:10,(anonymous_1)
FN:15,(anonymous_2)
FN:17,(anonymous_3)
FN:22,(anonymous_4)
FN:27,(anonymous_5)
FN:40,(anonymous_6)
FN:74,(anonymous_7)
FN:81,(anonymous_8)
FN:88,(anonymous_9)
FN:103,(anonymous_10)
FN:201,(anonymous_11)
FN:228,(anonymous_12)
FN:284,(anonymous_13)
FN:293,(anonymous_14)
FN:313,(anonymous_15)
FN:318,(anonymous_16)
FN:323,(anonymous_17)
FN:340,(anonymous_18)
FN:366,(anonymous_19)
FN:384,(anonymous_20)
FN:394,(anonymous_21)
FN:421,(anonymous_22)
FN:429,(anonymous_23)
FN:433,(anonymous_24)
FN:467,(anonymous_25)
FN:494,(anonymous_26)
FN:536,(anonymous_27)
FN:550,(anonymous_28)
FN:604,(anonymous_29)
FN:619,(anonymous_30)
FN:623,(anonymous_31)
FN:669,(anonymous_32)
FN:696,(anonymous_33)
FN:738,(anonymous_34)
FN:753,(anonymous_35)
FN:790,(anonymous_36)
FN:794,(anonymous_37)
FN:798,(anonymous_38)
FN:815,(anonymous_39)
FN:842,(anonymous_40)
FN:884,(anonymous_41)
FN:892,(anonymous_42)
FN:976,(anonymous_43)
FN:977,(anonymous_44)
FN:1015,(anonymous_45)
FN:1072,(anonymous_46)
FN:1073,(anonymous_47)
FN:1075,(anonymous_48)
FN:1089,(anonymous_49)
FN:1095,(anonymous_50)
FN:1113,(anonymous_51)
FN:1125,(anonymous_52)
FN:1134,(anonymous_53)
FN:1141,(anonymous_54)
FN:1147,(anonymous_55)
FN:1148,(anonymous_56)
FN:1149,(anonymous_57)
FN:1153,(anonymous_58)
FN:1155,(anonymous_59)
FN:1176,(anonymous_60)
FN:1190,(anonymous_61)
FN:1219,(anonymous_62)
FN:1232,(anonymous_63)
FN:1273,(anonymous_64)
FN:1286,(anonymous_65)
FN:1297,(anonymous_66)
FN:1306,(anonymous_67)
FN:1318,(anonymous_68)
FN:1326,(anonymous_69)
FN:1343,(anonymous_70)
FN:1344,(anonymous_71)
FN:1345,(anonymous_72)
FN:1358,(anonymous_73)
FN:1359,(anonymous_74)
FN:1362,(anonymous_75)
FN:1366,(anonymous_76)
FN:1367,(anonymous_77)
FN:1440,(anonymous_78)
FNF:79
FNH:0
FNDA:0,(anonymous_0)
FNDA:0,(anonymous_1)
FNDA:0,(anonymous_2)
FNDA:0,(anonymous_3)
FNDA:0,(anonymous_4)
FNDA:0,(anonymous_5)
FNDA:0,(anonymous_6)
FNDA:0,(anonymous_7)
FNDA:0,(anonymous_8)
FNDA:0,(anonymous_9)
FNDA:0,(anonymous_10)
FNDA:0,(anonymous_11)
FNDA:0,(anonymous_12)
FNDA:0,(anonymous_13)
FNDA:0,(anonymous_14)
FNDA:0,(anonymous_15)
FNDA:0,(anonymous_16)
FNDA:0,(anonymous_17)
FNDA:0,(anonymous_18)
FNDA:0,(anonymous_19)
FNDA:0,(anonymous_20)
FNDA:0,(anonymous_21)
FNDA:0,(anonymous_22)
FNDA:0,(anonymous_23)
FNDA:0,(anonymous_24)
FNDA:0,(anonymous_25)
FNDA:0,(anonymous_26)
FNDA:0,(anonymous_27)
FNDA:0,(anonymous_28)
FNDA:0,(anonymous_29)
FNDA:0,(anonymous_30)
FNDA:0,(anonymous_31)
FNDA:0,(anonymous_32)
FNDA:0,(anonymous_33)
FNDA:0,(anonymous_34)
FNDA:0,(anonymous_35)
FNDA:0,(anonymous_36)
FNDA:0,(anonymous_37)
FNDA:0,(anonymous_38)
FNDA:0,(anonymous_39)
FNDA:0,(anonymous_40)
FNDA:0,(anonymous_41)
FNDA:0,(anonymous_42)
FNDA:0,(anonymous_43)
FNDA:0,(anonymous_44)
FNDA:0,(anonymous_45)
FNDA:0,(anonymous_46)
FNDA:0,(anonymous_47)
FNDA:0,(anonymous_48)
FNDA:0,(anonymous_49)
FNDA:0,(anonymous_50)
FNDA:0,(anonymous_51)
FNDA:0,(anonymous_52)
FNDA:0,(anonymous_53)
FNDA:0,(anonymous_54)
FNDA:0,(anonymous_55)
FNDA:0,(anonymous_56)
FNDA:0,(anonymous_57)
FNDA:0,(anonymous_58)
FNDA:0,(anonymous_59)
FNDA:0,(anonymous_60)
FNDA:0,(anonymous_61)
FNDA:0,(anonymous_62)
FNDA:0,(anonymous_63)
FNDA:0,(anonymous_64)
FNDA:0,(anonymous_65)
FNDA:0,(anonymous_66)
FNDA:0,(anonymous_67)
FNDA:0,(anonymous_68)
FNDA:0,(anonymous_69)
FNDA:0,(anonymous_70)
FNDA:0,(anonymous_71)
FNDA:0,(anonymous_72)
FNDA:0,(anonymous_73)
FNDA:0,(anonymous_74)
FNDA:0,(anonymous_75)
FNDA:0,(anonymous_76)
FNDA:0,(anonymous_77)
FNDA:0,(anonymous_78)
DA:1,8
DA:2,8
DA:3,8
DA:4,8
DA:5,8
DA:6,8
DA:7,8
DA:9,8
DA:10,8
DA:11,0
DA:12,0
DA:13,0
DA:15,8
DA:16,8
DA:17,8
DA:18,0
DA:19,0
DA:20,0
DA:22,8
DA:23,0
DA:24,0
DA:25,0
DA:27,8
DA:28,0
DA:29,0
DA:30,0
DA:31,0
DA:32,0
DA:34,0
DA:35,0
DA:36,0
DA:38,0
DA:40,8
DA:41,0
DA:42,0
DA:43,0
DA:44,0
DA:45,0
DA:46,0
DA:47,0
DA:49,0
DA:50,0
DA:51,0
DA:53,0
DA:54,0
DA:55,0
DA:57,0
DA:58,0
DA:59,0
DA:60,0
DA:62,0
DA:63,0
DA:64,0
DA:65,0
DA:67,0
DA:68,0
DA:69,0
DA:71,0
DA:72,0
DA:74,8
DA:75,0
DA:76,0
DA:77,0
DA:79,0
DA:81,8
DA:82,0
DA:83,0
DA:84,0
DA:86,0
DA:88,8
DA:89,0
DA:90,0
DA:91,0
DA:92,0
DA:96,0
DA:97,0
DA:99,0
DA:103,8
DA:104,0
DA:105,0
DA:106,0
DA:107,0
DA:111,0
DA:128,0
DA:137,0
DA:163,0
DA:171,0
DA:173,0
DA:178,0
DA:183,0
DA:196,0
DA:197,0
DA:201,8
DA:202,0
DA:203,0
DA:204,0
DA:205,0
DA:206,0
DA:208,0
DA:209,0
DA:211,0
DA:212,0
DA:213,0
DA:216,0
DA:221,0
DA:223,0
DA:224,0
DA:228,8
DA:229,0
DA:230,0
DA:231,0
DA:232,0
DA:233,0
DA:235,0
DA:236,0
DA:238,0
DA:239,0
DA:242,0
DA:243,0
DA:249,0
DA:250,0
DA:253,0
DA:257,0
DA:258,0
DA:261,0
DA:262,0
DA:263,0
DA:264,0
DA:265,0
DA:266,0
DA:271,0
DA:273,0
DA:276,0
DA:278,0
DA:279,0
DA:284,8
DA:285,0
DA:286,0
DA:287,0
DA:293,0
DA:296,0
DA:302,0
DA:312,0
DA:313,0
DA:314,0
DA:317,0
DA:318,0
DA:319,0
DA:323,0
DA:324,0
DA:325,0
DA:326,0
DA:332,0
DA:334,0
DA:335,0
DA:340,8
DA:341,0
DA:342,0
DA:345,0
DA:346,0
DA:349,0
DA:350,0
DA:355,0
DA:356,0
DA:358,0
DA:361,0
DA:362,0
DA:366,8
DA:367,0
DA:368,0
DA:369,0
DA:370,0
DA:372,0
DA:373,0
DA:376,0
DA:377,0
DA:380,0
DA:384,0
DA:385,0
DA:386,0
DA:390,0
DA:394,0
DA:396,0
DA:397,0
DA:398,0
DA:399,0
DA:402,0
DA:404,0
DA:405,0
DA:407,0
DA:415,0
DA:416,0
DA:421,8
DA:422,0
DA:423,0
DA:424,0
DA:429,0
DA:430,0
DA:433,0
DA:434,0
DA:443,0
DA:452,0
DA:459,0
DA:461,0
DA:462,0
DA:467,8
DA:468,0
DA:469,0
DA:472,0
DA:473,0
DA:476,0
DA:477,0
DA:482,0
DA:483,0
DA:485,0
DA:488,0
DA:489,0
DA:494,8
DA:495,0
DA:496,0
DA:499,0
DA:500,0
DA:503,0
DA:504,0
DA:509,0
DA:510,0
DA:512,0
DA:513,0
DA:516,0
DA:524,0
DA:525,0
DA:527,0
DA:530,0
DA:531,0
DA:536,8
DA:537,0
DA:538,0
DA:539,0
DA:542,0
DA:543,0
DA:544,0
DA:547,0
DA:550,0
DA:552,0
DA:577,0
DA:586,0
DA:599,0
DA:600,0
DA:604,8
DA:605,0
DA:606,0
DA:607,0
DA:613,0
DA:614,0
DA:616,0
DA:617,0
DA:619,0
DA:620,0
DA:623,0
DA:625,0
DA:633,0
DA:641,0
DA:650,0
DA:658,0
DA:661,0
DA:663,0
DA:664,0
DA:669,8
DA:670,0
DA:671,0
DA:674,0
DA:675,0
DA:678,0
DA:679,0
DA:684,0
DA:685,0
DA:687,0
DA:690,0
DA:691,0
DA:696,8
DA:697,0
DA:698,0
DA:701,0
DA:702,0
DA:705,0
DA:706,0
DA:711,0
DA:712,0
DA:714,0
DA:715,0
DA:718,0
DA:726,0
DA:727,0
DA:729,0
DA:732,0
DA:733,0
DA:738,8
DA:739,0
DA:740,0
DA:741,0
DA:747,0
DA:748,0
DA:750,0
DA:751,0
DA:753,0
DA:754,0
DA:762,0
DA:763,0
DA:765,0
DA:766,0
DA:767,0
DA:768,0
DA:770,0
DA:771,0
DA:772,0
DA:773,0
DA:775,0
DA:777,0
DA:778,0
DA:779,0
DA:785,0
DA:786,0
DA:787,0
DA:790,0
DA:794,0
DA:796,0
DA:798,0
DA:804,0
DA:807,0
DA:809,0
DA:810,0
DA:815,8
DA:816,0
DA:817,0
DA:820,0
DA:821,0
DA:824,0
DA:825,0
DA:830,0
DA:831,0
DA:833,0
DA:836,0
DA:837,0
DA:842,8
DA:843,0
DA:844,0
DA:847,0
DA:848,0
DA:851,0
DA:852,0
DA:857,0
DA:858,0
DA:860,0
DA:861,0
DA:864,0
DA:872,0
DA:873,0
DA:875,0
DA:878,0
DA:879,0
DA:884,8
DA:885,0
DA:886,0
DA:887,0
DA:888,0
DA:889,0
DA:890,0
DA:892,0
DA:893,0
DA:894,0
DA:895,0
DA:896,0
DA:897,0
DA:903,0
DA:917,0
DA:931,0
DA:961,0
DA:976,0
DA:977,0
DA:978,0
DA:979,0
DA:981,0
DA:982,0
DA:983,0
DA:985,0
DA:989,0
DA:990,0
DA:991,0
DA:992,0
DA:994,0
DA:1010,0
DA:1011,0
DA:1015,8
DA:1016,0
DA:1017,0
DA:1018,0
DA:1023,0
DA:1024,0
DA:1025,0
DA:1026,0
DA:1028,0
DA:1029,0
DA:1030,0
DA:1035,0
DA:1039,0
DA:1043,0
DA:1048,0
DA:1052,0
DA:1056,0
DA:1060,0
DA:1072,0
DA:1073,0
DA:1075,0
DA:1082,0
DA:1084,0
DA:1085,0
DA:1089,8
DA:1090,0
DA:1091,0
DA:1092,0
DA:1093,0
DA:1094,0
DA:1095,0
DA:1096,0
DA:1107,0
DA:1113,0
DA:1114,0
DA:1115,0
DA:1116,0
DA:1117,0
DA:1118,0
DA:1119,0
DA:1120,0
DA:1121,0
DA:1122,0
DA:1125,0
DA:1126,0
DA:1127,0
DA:1128,0
DA:1129,0
DA:1130,0
DA:1131,0
DA:1134,0
DA:1141,0
DA:1147,0
DA:1148,0
DA:1149,0
DA:1150,0
DA:1152,0
DA:1153,0
DA:1155,0
DA:1158,0
DA:1171,0
DA:1172,0
DA:1176,8
DA:1177,0
DA:1178,0
DA:1179,0
DA:1182,0
DA:1183,0
DA:1184,0
DA:1187,0
DA:1190,0
DA:1193,0
DA:1194,0
DA:1195,0
DA:1202,0
DA:1211,0
DA:1219,0
DA:1220,0
DA:1221,0
DA:1223,0
DA:1224,0
DA:1232,0
DA:1236,0
DA:1245,0
DA:1249,0
DA:1268,0
DA:1269,0
DA:1273,8
DA:1274,0
DA:1275,0
DA:1276,0
DA:1279,0
DA:1281,0
DA:1282,0
DA:1286,8
DA:1287,0
DA:1288,0
DA:1289,0
DA:1291,0
DA:1292,0
DA:1294,0
DA:1297,0
DA:1300,0
DA:1301,0
DA:1306,0
DA:1309,0
DA:1317,0
DA:1318,0
DA:1319,0
DA:1320,0
DA:1323,0
DA:1324,0
DA:1325,0
DA:1326,0
DA:1327,0
DA:1328,0
DA:1331,0
DA:1332,0
DA:1334,0
DA:1335,0
DA:1337,0
DA:1341,0
DA:1343,0
DA:1344,0
DA:1345,0
DA:1346,0
DA:1347,0
DA:1348,0
DA:1349,0
DA:1351,0
DA:1352,0
DA:1353,0
DA:1357,0
DA:1358,0
DA:1359,0
DA:1361,0
DA:1362,0
DA:1363,0
DA:1366,0
DA:1367,0
DA:1368,0
DA:1376,0
DA:1388,0
DA:1403,0
DA:1410,0
DA:1414,0
DA:1416,0
DA:1434,0
DA:1435,0
DA:1440,8
DA:1441,0
DA:1442,0
DA:1443,0
DA:1446,0
DA:1447,0
DA:1448,0
DA:1450,0
DA:1451,0
DA:1453,0
DA:1454,0
DA:1457,0
DA:1459,0
DA:1460,0
DA:1461,0
DA:1464,0
DA:1465,0
DA:1466,0
DA:1469,0
DA:1470,0
DA:1471,0
DA:1473,0
DA:1486,0
DA:1487,0
DA:1488,0
DA:1490,0
DA:1491,0
DA:1492,0
DA:1493,0
DA:1494,0
DA:1496,0
DA:1499,0
DA:1507,0
DA:1508,0
DA:1512,8
LF:576
LH:42
BRDA:9,0,0,0
BRDA:9,0,1,0
BRDA:13,1,0,0
BRDA:13,1,1,0
BRDA:13,1,2,0
BRDA:15,2,0,0
BRDA:15,2,1,0
BRDA:18,3,0,0
BRDA:18,3,1,0
BRDA:20,4,0,0
BRDA:20,4,1,0
BRDA:24,5,0,0
BRDA:24,5,1,0
BRDA:27,6,0,0
BRDA:30,7,0,0
BRDA:30,7,1,0
BRDA:32,8,0,0
BRDA:32,8,1,0
BRDA:34,9,0,0
BRDA:34,9,1,0
BRDA:34,10,0,0
BRDA:34,10,1,0
BRDA:36,11,0,0
BRDA:36,11,1,0
BRDA:41,12,0,0
BRDA:41,12,1,0
BRDA:47,13,0,0
BRDA:47,13,1,0
BRDA:47,13,2,0
BRDA:47,13,3,0
BRDA:47,13,4,0
BRDA:76,14,0,0
BRDA:76,14,1,0
BRDA:83,15,0,0
BRDA:83,15,1,0
BRDA:96,16,0,0
BRDA:96,16,1,0
BRDA:106,17,0,0
BRDA:106,17,1,0
BRDA:171,18,0,0
BRDA:171,18,1,0
BRDA:171,19,0,0
BRDA:171,19,1,0
BRDA:171,20,0,0
BRDA:171,20,1,0
BRDA:192,21,0,0
BRDA:192,21,1,0
BRDA:193,22,0,0
BRDA:193,22,1,0
BRDA:204,23,0,0
BRDA:204,23,1,0
BRDA:205,24,0,0
BRDA:205,24,1,0
BRDA:208,25,0,0
BRDA:208,25,1,0
BRDA:211,26,0,0
BRDA:211,26,1,0
BRDA:231,27,0,0
BRDA:231,27,1,0
BRDA:232,28,0,0
BRDA:232,28,1,0
BRDA:233,29,0,0
BRDA:233,29,1,0
BRDA:235,30,0,0
BRDA:235,30,1,0
BRDA:238,31,0,0
BRDA:238,31,1,0
BRDA:247,32,0,0
BRDA:247,32,1,0
BRDA:249,33,0,0
BRDA:249,33,1,0
BRDA:257,34,0,0
BRDA:257,34,1,0
BRDA:263,35,0,0
BRDA:263,35,1,0
BRDA:271,36,0,0
BRDA:271,36,1,0
BRDA:314,37,0,0
BRDA:314,37,1,0
BRDA:319,38,0,0
BRDA:319,38,1,0
BRDA:324,39,0,0
BRDA:324,39,1,0
BRDA:325,40,0,0
BRDA:325,40,1,0
BRDA:345,41,0,0
BRDA:345,41,1,0
BRDA:345,42,0,0
BRDA:345,42,1,0
BRDA:355,43,0,0
BRDA:355,43,1,0
BRDA:372,44,0,0
BRDA:372,44,1,0
BRDA:377,45,0,0
BRDA:377,45,1,0
BRDA:385,46,0,0
BRDA:385,46,1,0
BRDA:386,47,0,0
BRDA:386,47,1,0
BRDA:397,48,0,0
BRDA:397,48,1,0
BRDA:398,49,0,0
BRDA:398,49,1,0
BRDA:398,50,0,0
BRDA:398,50,1,0
BRDA:399,51,0,0
BRDA:399,51,1,0
BRDA:404,52,0,0
BRDA:404,52,1,0
BRDA:409,53,0,0
BRDA:409,53,1,0
BRDA:410,54,0,0
BRDA:410,54,1,0
BRDA:472,55,0,0
BRDA:472,55,1,0
BRDA:472,56,0,0
BRDA:472,56,1,0
BRDA:482,57,0,0
BRDA:482,57,1,0
BRDA:499,58,0,0
BRDA:499,58,1,0
BRDA:499,59,0,0
BRDA:499,59,1,0
BRDA:509,60,0,0
BRDA:509,60,1,0
BRDA:512,61,0,0
BRDA:512,61,1,0
BRDA:524,62,0,0
BRDA:524,62,1,0
BRDA:543,63,0,0
BRDA:543,63,1,0
BRDA:548,64,0,0
BRDA:548,64,1,0
BRDA:549,65,0,0
BRDA:549,65,1,0
BRDA:621,66,0,0
BRDA:621,66,1,0
BRDA:622,67,0,0
BRDA:622,67,1,0
BRDA:674,68,0,0
BRDA:674,68,1,0
BRDA:674,69,0,0
BRDA:674,69,1,0
BRDA:684,70,0,0
BRDA:684,70,1,0
BRDA:701,71,0,0
BRDA:701,71,1,0
BRDA:701,72,0,0
BRDA:701,72,1,0
BRDA:711,73,0,0
BRDA:711,73,1,0
BRDA:714,74,0,0
BRDA:714,74,1,0
BRDA:726,75,0,0
BRDA:726,75,1,0
BRDA:766,76,0,0
BRDA:766,76,1,0
BRDA:767,77,0,0
BRDA:767,77,1,0
BRDA:768,78,0,0
BRDA:768,78,1,0
BRDA:770,79,0,0
BRDA:770,79,1,0
BRDA:770,79,2,0
BRDA:771,80,0,0
BRDA:771,80,1,0
BRDA:771,81,0,0
BRDA:771,81,1,0
BRDA:773,82,0,0
BRDA:773,82,1,0
BRDA:775,83,0,0
BRDA:775,83,1,0
BRDA:778,84,0,0
BRDA:778,84,1,0
BRDA:792,85,0,0
BRDA:792,85,1,0
BRDA:820,86,0,0
BRDA:820,86,1,0
BRDA:820,87,0,0
BRDA:820,87,1,0
BRDA:830,88,0,0
BRDA:830,88,1,0
BRDA:847,89,0,0
BRDA:847,89,1,0
BRDA:847,90,0,0
BRDA:847,90,1,0
BRDA:857,91,0,0
BRDA:857,91,1,0
BRDA:860,92,0,0
BRDA:860,92,1,0
BRDA:872,93,0,0
BRDA:872,93,1,0
BRDA:889,94,0,0
BRDA:889,94,1,0
BRDA:890,95,0,0
BRDA:890,95,1,0
BRDA:894,96,0,0
BRDA:894,96,1,0
BRDA:895,97,0,0
BRDA:895,97,1,0
BRDA:895,98,0,0
BRDA:895,98,1,0
BRDA:896,99,0,0
BRDA:896,99,1,0
BRDA:896,100,0,0
BRDA:896,100,1,0
BRDA:978,101,0,0
BRDA:978,101,1,0
BRDA:979,102,0,0
BRDA:979,102,1,0
BRDA:979,102,2,0
BRDA:981,103,0,0
BRDA:981,103,1,0
BRDA:982,104,0,0
BRDA:982,104,1,0
BRDA:983,105,0,0
BRDA:983,105,1,0
BRDA:983,106,0,0
BRDA:983,106,1,0
BRDA:985,107,0,0
BRDA:985,107,1,0
BRDA:985,107,2,0
BRDA:1003,108,0,0
BRDA:1003,108,1,0
BRDA:1004,109,0,0
BRDA:1004,109,1,0
BRDA:1005,110,0,0
BRDA:1005,110,1,0
BRDA:1006,111,0,0
BRDA:1006,111,1,0
BRDA:1031,112,0,0
BRDA:1031,112,1,0
BRDA:1032,113,0,0
BRDA:1032,113,1,0
BRDA:1056,114,0,0
BRDA:1056,114,1,0
BRDA:1058,115,0,0
BRDA:1058,115,1,0
BRDA:1061,116,0,0
BRDA:1061,116,1,0
BRDA:1062,117,0,0
BRDA:1062,117,1,0
BRDA:1063,118,0,0
BRDA:1063,118,1,0
BRDA:1072,119,0,0
BRDA:1072,119,1,0
BRDA:1115,120,0,0
BRDA:1115,120,1,0
BRDA:1115,121,0,0
BRDA:1115,121,1,0
BRDA:1115,121,2,0
BRDA:1117,122,0,0
BRDA:1117,122,1,0
BRDA:1119,123,0,0
BRDA:1119,123,1,0
BRDA:1120,124,0,0
BRDA:1120,124,1,0
BRDA:1121,125,0,0
BRDA:1121,125,1,0
BRDA:1122,126,0,0
BRDA:1122,126,1,0
BRDA:1127,127,0,0
BRDA:1127,127,1,0
BRDA:1127,128,0,0
BRDA:1127,128,1,0
BRDA:1127,128,2,0
BRDA:1129,129,0,0
BRDA:1129,129,1,0
BRDA:1130,130,0,0
BRDA:1130,130,1,0
BRDA:1136,131,0,0
BRDA:1136,131,1,0
BRDA:1137,132,0,0
BRDA:1137,132,1,0
BRDA:1138,133,0,0
BRDA:1138,133,1,0
BRDA:1139,134,0,0
BRDA:1139,134,1,0
BRDA:1143,135,0,0
BRDA:1143,135,1,0
BRDA:1144,136,0,0
BRDA:1144,136,1,0
BRDA:1153,137,0,0
BRDA:1153,137,1,0
BRDA:1155,138,0,0
BRDA:1155,138,1,0
BRDA:1183,139,0,0
BRDA:1183,139,1,0
BRDA:1188,140,0,0
BRDA:1188,140,1,0
BRDA:1189,141,0,0
BRDA:1189,141,1,0
BRDA:1194,142,0,0
BRDA:1194,142,1,0
BRDA:1223,143,0,0
BRDA:1223,143,1,0
BRDA:1232,144,0,0
BRDA:1232,144,1,0
BRDA:1245,145,0,0
BRDA:1245,145,1,0
BRDA:1246,146,0,0
BRDA:1246,146,1,0
BRDA:1246,147,0,0
BRDA:1246,147,1,0
BRDA:1282,148,0,0
BRDA:1282,148,1,0
BRDA:1282,149,0,0
BRDA:1282,149,1,0
BRDA:1292,150,0,0
BRDA:1292,150,1,0
BRDA:1295,151,0,0
BRDA:1295,151,1,0
BRDA:1296,152,0,0
BRDA:1296,152,1,0
BRDA:1306,153,0,0
BRDA:1306,153,1,0
BRDA:1319,154,0,0
BRDA:1319,154,1,0
BRDA:1324,155,0,0
BRDA:1324,155,1,0
BRDA:1327,156,0,0
BRDA:1327,156,1,0
BRDA:1328,157,0,0
BRDA:1328,157,1,0
BRDA:1331,158,0,0
BRDA:1331,158,1,0
BRDA:1335,159,0,0
BRDA:1335,159,1,0
BRDA:1335,160,0,0
BRDA:1335,160,1,0
BRDA:1341,161,0,0
BRDA:1341,161,1,0
BRDA:1345,162,0,0
BRDA:1345,162,1,0
BRDA:1348,163,0,0
BRDA:1348,163,1,0
BRDA:1348,164,0,0
BRDA:1348,164,1,0
BRDA:1349,165,0,0
BRDA:1349,165,1,0
BRDA:1349,166,0,0
BRDA:1349,166,1,0
BRDA:1351,167,0,0
BRDA:1351,167,1,0
BRDA:1353,168,0,0
BRDA:1353,168,1,0
BRDA:1353,169,0,0
BRDA:1353,169,1,0
BRDA:1361,170,0,0
BRDA:1361,170,1,0
BRDA:1361,170,2,0
BRDA:1362,171,0,0
BRDA:1362,171,1,0
BRDA:1363,172,0,0
BRDA:1363,172,1,0
BRDA:1404,173,0,0
BRDA:1404,173,1,0
BRDA:1406,174,0,0
BRDA:1406,174,1,0
BRDA:1407,175,0,0
BRDA:1407,175,1,0
BRDA:1410,176,0,0
BRDA:1410,176,1,0
BRDA:1411,177,0,0
BRDA:1411,177,1,0
BRDA:1411,178,0,0
BRDA:1411,178,1,0
BRDA:1442,179,0,0
BRDA:1442,179,1,0
BRDA:1446,180,0,0
BRDA:1446,180,1,0
BRDA:1447,181,0,0
BRDA:1447,181,1,0
BRDA:1450,182,0,0
BRDA:1450,182,1,0
BRDA:1450,183,0,0
BRDA:1450,183,1,0
BRDA:1453,184,0,0
BRDA:1453,184,1,0
BRDA:1453,185,0,0
BRDA:1453,185,1,0
BRDA:1460,186,0,0
BRDA:1460,186,1,0
BRDA:1465,187,0,0
BRDA:1465,187,1,0
BRDA:1487,188,0,0
BRDA:1487,188,1,0
BRDA:1493,189,0,0
BRDA:1493,189,1,0
BRDA:1494,190,0,0
BRDA:1494,190,1,0
BRF:391
BRH:0
end_of_record
TN:
SF:src\controllers\authController.js
FN:17,(anonymous_0)
FN:32,(anonymous_1)
FN:53,(anonymous_2)
FN:119,(anonymous_3)
FN:177,(anonymous_4)
FN:192,(anonymous_5)
FN:205,(anonymous_6)
FN:241,(anonymous_7)
FN:295,(anonymous_8)
FN:344,(anonymous_9)
FN:371,(anonymous_10)
FN:389,(anonymous_11)
FN:479,(anonymous_12)
FN:487,(anonymous_13)
FN:489,(anonymous_14)
FN:517,(anonymous_15)
FN:575,(anonymous_16)
FN:582,(anonymous_17)
FN:589,(anonymous_18)
FN:590,(anonymous_19)
FN:644,(anonymous_20)
FN:737,(anonymous_21)
FN:756,(anonymous_22)
FN:775,(anonymous_23)
FN:794,(anonymous_24)
FN:808,(anonymous_25)
FN:826,(anonymous_26)
FN:840,(anonymous_27)
FN:898,(anonymous_28)
FN:926,(anonymous_29)
FN:940,(anonymous_30)
FN:964,(anonymous_31)
FN:978,(anonymous_32)
FN:997,(anonymous_33)
FN:1003,(anonymous_34)
FN:1017,(anonymous_35)
FN:1029,(anonymous_36)
FNF:37
FNH:10
FNDA:2,(anonymous_0)
FNDA:0,(anonymous_1)
FNDA:0,(anonymous_2)
FNDA:0,(anonymous_3)
FNDA:2,(anonymous_4)
FNDA:0,(anonymous_5)
FNDA:5,(anonymous_6)
FNDA:0,(anonymous_7)
FNDA:0,(anonymous_8)
FNDA:0,(anonymous_9)
FNDA:0,(anonymous_10)
FNDA:0,(anonymous_11)
FNDA:0,(anonymous_12)
FNDA:0,(anonymous_13)
FNDA:0,(anonymous_14)
FNDA:0,(anonymous_15)
FNDA:0,(anonymous_16)
FNDA:0,(anonymous_17)
FNDA:0,(anonymous_18)
FNDA:0,(anonymous_19)
FNDA:0,(anonymous_20)
FNDA:0,(anonymous_21)
FNDA:0,(anonymous_22)
FNDA:0,(anonymous_23)
FNDA:0,(anonymous_24)
FNDA:0,(anonymous_25)
FNDA:0,(anonymous_26)
FNDA:0,(anonymous_27)
FNDA:2,(anonymous_28)
FNDA:1,(anonymous_29)
FNDA:2,(anonymous_30)
FNDA:0,(anonymous_31)
FNDA:2,(anonymous_32)
FNDA:0,(anonymous_33)
FNDA:1,(anonymous_34)
FNDA:1,(anonymous_35)
FNDA:1,(anonymous_36)
DA:1,16
DA:2,16
DA:3,16
DA:4,16
DA:5,16
DA:6,16
DA:7,16
DA:8,16
DA:11,16
DA:13,16
DA:15,16
DA:18,2
DA:19,2
DA:20,2
DA:21,1
DA:23,1
DA:24,1
DA:25,1
DA:26,1
DA:27,1
DA:33,0
DA:34,0
DA:35,0
DA:36,0
DA:37,0
DA:46,0
DA:47,0
DA:48,0
DA:54,0
DA:55,0
DA:57,0
DA:58,0
DA:60,0
DA:61,0
DA:62,0
DA:64,0
DA:65,0
DA:66,0
DA:67,0
DA:68,0
DA:69,0
DA:70,0
DA:71,0
DA:73,0
DA:74,0
DA:75,0
DA:78,0
DA:79,0
DA:80,0
DA:81,0
DA:82,0
DA:83,0
DA:86,0
DA:87,0
DA:101,0
DA:102,0
DA:103,0
DA:105,0
DA:106,0
DA:107,0
DA:110,0
DA:111,0
DA:112,0
DA:113,0
DA:115,0
DA:120,0
DA:121,0
DA:122,0
DA:123,0
DA:126,0
DA:127,0
DA:131,0
DA:132,0
DA:136,0
DA:137,0
DA:140,0
DA:141,0
DA:142,0
DA:147,0
DA:148,0
DA:149,0
DA:153,0
DA:156,0
DA:163,0
DA:166,0
DA:167,0
DA:168,0
DA:169,0
DA:170,0
DA:173,0
DA:178,2
DA:179,2
DA:180,2
DA:181,1
DA:183,1
DA:184,1
DA:185,1
DA:186,1
DA:187,1
DA:193,0
DA:194,0
DA:195,0
DA:196,0
DA:198,0
DA:199,0
DA:200,0
DA:206,5
DA:207,5
DA:208,1
DA:209,1
DA:212,4
DA:213,4
DA:214,4
DA:215,1
DA:216,1
DA:219,3
DA:220,3
DA:221,3
DA:222,1
DA:223,1
DA:226,2
DA:227,2
DA:232,1
DA:233,1
DA:235,1
DA:236,1
DA:242,0
DA:243,0
DA:244,0
DA:246,0
DA:247,0
DA:249,0
DA:250,0
DA:251,0
DA:252,0
DA:253,0
DA:256,0
DA:257,0
DA:258,0
DA:259,0
DA:263,0
DA:264,0
DA:265,0
DA:266,0
DA:270,0
DA:271,0
DA:272,0
DA:274,0
DA:278,0
DA:290,0
DA:291,0
DA:296,0
DA:297,0
DA:298,0
DA:299,0
DA:300,0
DA:301,0
DA:302,0
DA:303,0
DA:304,0
DA:306,0
DA:307,0
DA:308,0
DA:309,0
DA:310,0
DA:325,0
DA:336,0
DA:338,0
DA:339,0
DA:340,0
DA:345,0
DA:346,0
DA:349,0
DA:350,0
DA:351,0
DA:355,0
DA:356,0
DA:357,0
DA:361,0
DA:362,0
DA:366,0
DA:367,0
DA:372,0
DA:374,0
DA:375,0
DA:376,0
DA:379,0
DA:380,0
DA:384,0
DA:385,0
DA:390,0
DA:392,0
DA:393,0
DA:394,0
DA:397,0
DA:398,0
DA:399,0
DA:402,0
DA:403,0
DA:404,0
DA:405,0
DA:406,0
DA:409,0
DA:410,0
DA:411,0
DA:412,0
DA:415,0
DA:416,0
DA:417,0
DA:418,0
DA:419,0
DA:420,0
DA:423,0
DA:424,0
DA:425,0
DA:426,0
DA:429,0
DA:430,0
DA:432,0
DA:433,0
DA:434,0
DA:435,0
DA:436,0
DA:437,0
DA:438,0
DA:439,0
DA:441,0
DA:442,0
DA:443,0
DA:446,0
DA:458,0
DA:459,0
DA:461,0
DA:462,0
DA:463,0
DA:466,0
DA:472,0
DA:474,0
DA:478,0
DA:479,0
DA:480,0
DA:482,0
DA:487,0
DA:489,0
DA:511,0
DA:512,0
DA:518,0
DA:519,0
DA:520,0
DA:521,0
DA:522,0
DA:525,0
DA:526,0
DA:527,0
DA:530,0
DA:531,0
DA:532,0
DA:533,0
DA:534,0
DA:535,0
DA:538,0
DA:539,0
DA:540,0
DA:541,0
DA:543,0
DA:544,0
DA:547,0
DA:552,0
DA:553,0
DA:554,0
DA:557,0
DA:558,0
DA:559,0
DA:563,0
DA:566,0
DA:567,0
DA:569,0
DA:570,0
DA:577,0
DA:578,0
DA:579,0
DA:583,0
DA:584,0
DA:585,0
DA:589,0
DA:590,0
DA:594,0
DA:595,0
DA:598,0
DA:599,0
DA:600,0
DA:602,0
DA:603,0
DA:605,0
DA:606,0
DA:607,0
DA:612,0
DA:613,0
DA:615,0
DA:616,0
DA:620,0
DA:621,0
DA:622,0
DA:625,0
DA:626,0
DA:635,0
DA:637,0
DA:638,0
DA:639,0
DA:640,0
DA:645,0
DA:646,0
DA:647,0
DA:649,0
DA:650,0
DA:651,0
DA:654,0
DA:655,0
DA:656,0
DA:659,0
DA:660,0
DA:661,0
DA:664,0
DA:665,0
DA:666,0
DA:667,0
DA:670,0
DA:671,0
DA:672,0
DA:675,0
DA:676,0
DA:678,0
DA:679,0
DA:680,0
DA:681,0
DA:682,0
DA:685,0
DA:686,0
DA:687,0
DA:688,0
DA:689,0
DA:692,0
DA:693,0
DA:694,0
DA:696,0
DA:697,0
DA:698,0
DA:700,0
DA:701,0
DA:702,0
DA:705,0
DA:709,0
DA:713,0
DA:728,0
DA:729,0
DA:731,0
DA:732,0
DA:738,0
DA:739,0
DA:740,0
DA:748,0
DA:750,0
DA:751,0
DA:752,0
DA:757,0
DA:758,0
DA:759,0
DA:767,0
DA:769,0
DA:770,0
DA:771,0
DA:776,0
DA:777,0
DA:778,0
DA:786,0
DA:788,0
DA:789,0
DA:790,0
DA:795,0
DA:796,0
DA:797,0
DA:798,0
DA:799,0
DA:801,0
DA:802,0
DA:803,0
DA:809,0
DA:810,0
DA:811,0
DA:812,0
DA:813,0
DA:819,0
DA:820,0
DA:821,0
DA:827,0
DA:828,0
DA:829,0
DA:830,0
DA:831,0
DA:833,0
DA:834,0
DA:835,0
DA:841,0
DA:842,0
DA:843,0
DA:844,0
DA:845,0
DA:847,0
DA:848,0
DA:850,0
DA:851,0
DA:853,0
DA:854,0
DA:860,0
DA:861,0
DA:862,0
DA:863,0
DA:864,0
DA:866,0
DA:867,0
DA:868,0
DA:870,0
DA:871,0
DA:874,0
DA:875,0
DA:887,0
DA:889,0
DA:890,0
DA:891,0
DA:899,2
DA:900,2
DA:901,2
DA:902,2
DA:903,2
DA:904,1
DA:913,1
DA:914,1
DA:915,1
DA:916,1
DA:917,1
DA:918,1
DA:919,1
DA:921,1
DA:927,1
DA:928,1
DA:929,1
DA:930,1
DA:931,1
DA:932,0
DA:934,1
DA:935,1
DA:941,2
DA:942,2
DA:943,1
DA:945,1
DA:946,1
DA:947,1
DA:948,1
DA:949,0
DA:957,1
DA:958,1
DA:959,1
DA:965,0
DA:966,0
DA:967,0
DA:968,0
DA:969,0
DA:971,0
DA:972,0
DA:973,0
DA:979,2
DA:980,2
DA:981,1
DA:983,1
DA:984,1
DA:985,1
DA:986,1
DA:987,1
DA:988,1
DA:990,0
DA:991,0
DA:992,0
DA:998,0
DA:999,0
DA:1004,1
DA:1005,1
DA:1006,0
DA:1008,1
DA:1009,1
DA:1018,1
DA:1019,1
DA:1020,1
DA:1021,1
DA:1023,0
DA:1024,0
DA:1030,1
DA:1031,1
DA:1032,1
DA:1033,0
DA:1035,1
DA:1036,1
DA:1037,1
LF:502
LH:103
BRDA:20,0,0,2
BRDA:20,0,1,0
BRDA:24,1,0,1
BRDA:24,1,1,0
BRDA:25,2,0,1
BRDA:25,2,1,0
BRDA:26,3,0,1
BRDA:26,3,1,0
BRDA:33,4,0,0
BRDA:33,4,1,0
BRDA:47,5,0,0
BRDA:47,5,1,0
BRDA:48,6,0,0
BRDA:48,6,1,0
BRDA:57,7,0,0
BRDA:57,7,1,0
BRDA:57,8,0,0
BRDA:57,8,1,0
BRDA:58,9,0,0
BRDA:58,9,1,0
BRDA:62,10,0,0
BRDA:62,10,1,0
BRDA:64,11,0,0
BRDA:64,11,1,0
BRDA:64,12,0,0
BRDA:64,12,1,0
BRDA:65,13,0,0
BRDA:65,13,1,0
BRDA:66,14,0,0
BRDA:66,14,1,0
BRDA:66,15,0,0
BRDA:66,15,1,0
BRDA:67,16,0,0
BRDA:67,16,1,0
BRDA:68,17,0,0
BRDA:68,17,1,0
BRDA:68,18,0,0
BRDA:68,18,1,0
BRDA:69,19,0,0
BRDA:69,19,1,0
BRDA:69,20,0,0
BRDA:69,20,1,0
BRDA:70,21,0,0
BRDA:70,21,1,0
BRDA:70,22,0,0
BRDA:70,22,1,0
BRDA:71,23,0,0
BRDA:71,23,1,0
BRDA:73,24,0,0
BRDA:73,24,1,0
BRDA:80,25,0,0
BRDA:80,25,1,0
BRDA:98,26,0,0
BRDA:98,26,1,0
BRDA:99,27,0,0
BRDA:99,27,1,0
BRDA:105,28,0,0
BRDA:105,28,1,0
BRDA:120,29,0,0
BRDA:120,29,1,0
BRDA:126,30,0,0
BRDA:126,30,1,0
BRDA:126,31,0,0
BRDA:126,31,1,0
BRDA:131,32,0,0
BRDA:131,32,1,0
BRDA:131,33,0,0
BRDA:131,33,1,0
BRDA:136,34,0,0
BRDA:136,34,1,0
BRDA:136,35,0,0
BRDA:136,35,1,0
BRDA:141,36,0,0
BRDA:141,36,1,0
BRDA:147,37,0,0
BRDA:147,37,1,0
BRDA:180,38,0,2
BRDA:180,38,1,0
BRDA:184,39,0,1
BRDA:184,39,1,0
BRDA:185,40,0,1
BRDA:185,40,1,0
BRDA:186,41,0,1
BRDA:186,41,1,0
BRDA:199,42,0,0
BRDA:199,42,1,0
BRDA:200,43,0,0
BRDA:200,43,1,0
BRDA:207,44,0,1
BRDA:207,44,1,4
BRDA:214,45,0,1
BRDA:214,45,1,3
BRDA:214,46,0,4
BRDA:214,46,1,4
BRDA:214,46,2,4
BRDA:221,47,0,1
BRDA:221,47,1,2
BRDA:242,48,0,0
BRDA:242,48,1,0
BRDA:251,49,0,0
BRDA:251,49,1,0
BRDA:257,50,0,0
BRDA:257,50,1,0
BRDA:257,51,0,0
BRDA:257,51,1,0
BRDA:264,52,0,0
BRDA:264,52,1,0
BRDA:264,53,0,0
BRDA:264,53,1,0
BRDA:301,54,0,0
BRDA:301,54,1,0
BRDA:302,55,0,0
BRDA:302,55,1,0
BRDA:303,56,0,0
BRDA:303,56,1,0
BRDA:304,57,0,0
BRDA:304,57,1,0
BRDA:304,58,0,0
BRDA:304,58,1,0
BRDA:304,58,2,0
BRDA:307,59,0,0
BRDA:307,59,1,0
BRDA:349,60,0,0
BRDA:349,60,1,0
BRDA:355,61,0,0
BRDA:355,61,1,0
BRDA:374,62,0,0
BRDA:374,62,1,0
BRDA:374,63,0,0
BRDA:374,63,1,0
BRDA:392,64,0,0
BRDA:392,64,1,0
BRDA:397,65,0,0
BRDA:397,65,1,0
BRDA:397,66,0,0
BRDA:397,66,1,0
BRDA:397,66,2,0
BRDA:404,67,0,0
BRDA:404,67,1,0
BRDA:410,68,0,0
BRDA:410,68,1,0
BRDA:416,69,0,0
BRDA:416,69,1,0
BRDA:418,70,0,0
BRDA:418,70,1,0
BRDA:424,71,0,0
BRDA:424,71,1,0
BRDA:432,72,0,0
BRDA:432,72,1,0
BRDA:432,73,0,0
BRDA:432,73,1,0
BRDA:432,73,2,0
BRDA:434,74,0,0
BRDA:434,74,1,0
BRDA:435,75,0,0
BRDA:435,75,1,0
BRDA:436,76,0,0
BRDA:436,76,1,0
BRDA:437,77,0,0
BRDA:437,77,1,0
BRDA:441,78,0,0
BRDA:441,78,1,0
BRDA:461,79,0,0
BRDA:461,79,1,0
BRDA:478,80,0,0
BRDA:478,80,1,0
BRDA:502,81,0,0
BRDA:502,81,1,0
BRDA:520,82,0,0
BRDA:520,82,1,0
BRDA:525,83,0,0
BRDA:525,83,1,0
BRDA:525,84,0,0
BRDA:525,84,1,0
BRDA:533,85,0,0
BRDA:533,85,1,0
BRDA:539,86,0,0
BRDA:539,86,1,0
BRDA:540,87,0,0
BRDA:540,87,1,0
BRDA:541,88,0,0
BRDA:541,88,1,0
BRDA:552,89,0,0
BRDA:552,89,1,0
BRDA:558,90,0,0
BRDA:558,90,1,0
BRDA:558,91,0,0
BRDA:558,91,1,0
BRDA:558,91,2,0
BRDA:578,92,0,0
BRDA:578,92,1,0
BRDA:578,93,0,0
BRDA:578,93,1,0
BRDA:578,94,0,0
BRDA:578,94,1,0
BRDA:583,95,0,0
BRDA:583,95,1,0
BRDA:584,96,0,0
BRDA:584,96,1,0
BRDA:590,97,0,0
BRDA:590,97,1,0
BRDA:595,98,0,0
BRDA:595,98,1,0
BRDA:602,99,0,0
BRDA:602,99,1,0
BRDA:605,100,0,0
BRDA:605,100,1,0
BRDA:612,101,0,0
BRDA:612,101,1,0
BRDA:613,102,0,0
BRDA:613,102,1,0
BRDA:620,103,0,0
BRDA:620,103,1,0
BRDA:620,104,0,0
BRDA:620,104,1,0
BRDA:620,104,2,0
BRDA:630,105,0,0
BRDA:630,105,1,0
BRDA:649,106,0,0
BRDA:649,106,1,0
BRDA:649,107,0,0
BRDA:649,107,1,0
BRDA:649,107,2,0
BRDA:654,108,0,0
BRDA:654,108,1,0
BRDA:654,109,0,0
BRDA:654,109,1,0
BRDA:659,110,0,0
BRDA:659,110,1,0
BRDA:659,111,0,0
BRDA:659,111,1,0
BRDA:659,111,2,0
BRDA:665,112,0,0
BRDA:665,112,1,0
BRDA:665,113,0,0
BRDA:665,113,1,0
BRDA:670,114,0,0
BRDA:670,114,1,0
BRDA:680,115,0,0
BRDA:680,115,1,0
BRDA:680,116,0,0
BRDA:680,116,1,0
BRDA:687,117,0,0
BRDA:687,117,1,0
BRDA:688,118,0,0
BRDA:688,118,1,0
BRDA:689,119,0,0
BRDA:689,119,1,0
BRDA:697,120,0,0
BRDA:697,120,1,0
BRDA:700,121,0,0
BRDA:700,121,1,0
BRDA:795,122,0,0
BRDA:795,122,1,0
BRDA:802,123,0,0
BRDA:802,123,1,0
BRDA:803,124,0,0
BRDA:803,124,1,0
BRDA:809,125,0,0
BRDA:809,125,1,0
BRDA:820,126,0,0
BRDA:820,126,1,0
BRDA:821,127,0,0
BRDA:821,127,1,0
BRDA:827,128,0,0
BRDA:827,128,1,0
BRDA:834,129,0,0
BRDA:834,129,1,0
BRDA:835,130,0,0
BRDA:835,130,1,0
BRDA:841,131,0,0
BRDA:841,131,1,0
BRDA:843,132,0,0
BRDA:843,132,1,0
BRDA:844,133,0,0
BRDA:844,133,1,0
BRDA:847,134,0,0
BRDA:847,134,1,0
BRDA:847,135,0,0
BRDA:847,135,1,0
BRDA:850,136,0,0
BRDA:850,136,1,0
BRDA:850,137,0,0
BRDA:850,137,1,0
BRDA:853,138,0,0
BRDA:853,138,1,0
BRDA:863,139,0,0
BRDA:863,139,1,0
BRDA:866,140,0,0
BRDA:866,140,1,0
BRDA:867,141,0,0
BRDA:867,141,1,0
BRDA:867,142,0,0
BRDA:867,142,1,0
BRDA:867,142,2,0
BRDA:870,143,0,0
BRDA:870,143,1,0
BRDA:870,144,0,0
BRDA:870,144,1,0
BRDA:890,145,0,0
BRDA:890,145,1,0
BRDA:891,146,0,0
BRDA:891,146,1,0
BRDA:899,147,0,2
BRDA:899,147,1,0
BRDA:914,148,0,1
BRDA:914,148,1,0
BRDA:915,149,0,1
BRDA:915,149,1,0
BRDA:916,150,0,1
BRDA:916,150,1,0
BRDA:930,151,0,1
BRDA:930,151,1,0
BRDA:941,152,0,2
BRDA:941,152,1,0
BRDA:942,153,0,1
BRDA:942,153,1,1
BRDA:958,154,0,1
BRDA:958,154,1,0
BRDA:959,155,0,1
BRDA:959,155,1,0
BRDA:972,156,0,0
BRDA:972,156,1,0
BRDA:973,157,0,0
BRDA:973,157,1,0
BRDA:979,158,0,2
BRDA:979,158,1,0
BRDA:980,159,0,1
BRDA:980,159,1,1
BRDA:980,160,0,2
BRDA:980,160,1,1
BRDA:980,160,2,1
BRDA:991,161,0,0
BRDA:991,161,1,0
BRDA:992,162,0,0
BRDA:992,162,1,0
BRDA:1008,163,0,1
BRDA:1008,163,1,0
BRDA:1011,164,0,1
BRDA:1011,164,1,0
BRDA:1032,165,0,1
BRDA:1032,165,1,0
BRDA:1033,166,0,0
BRDA:1033,166,1,0
BRDA:1036,167,0,1
BRDA:1036,167,1,0
BRDA:1037,168,0,1
BRDA:1037,168,1,0
BRF:348
BRH:38
end_of_record
TN:
SF:src\controllers\chatController.js
FN:13,(anonymous_0)
FN:26,(anonymous_1)
FN:40,(anonymous_2)
FN:48,(anonymous_3)
FN:56,(anonymous_4)
FNF:5
FNH:0
FNDA:0,(anonymous_0)
FNDA:0,(anonymous_1)
FNDA:0,(anonymous_2)
FNDA:0,(anonymous_3)
FNDA:0,(anonymous_4)
DA:5,8
DA:6,8
DA:9,8
DA:11,8
DA:14,0
DA:15,0
DA:16,0
DA:17,0
DA:18,0
DA:20,0
DA:21,0
DA:27,0
DA:28,0
DA:29,0
DA:30,0
DA:31,0
DA:33,0
DA:34,0
DA:35,0
DA:41,0
DA:42,0
DA:45,0
DA:49,0
DA:51,0
DA:52,0
DA:56,0
DA:57,0
DA:58,0
DA:60,0
DA:61,0
DA:62,0
DA:64,0
DA:65,0
DA:71,8
LF:34
LH:5
BRDA:15,0,0,0
BRDA:15,0,1,0
BRDA:28,1,0,0
BRDA:28,1,1,0
BRDA:34,2,0,0
BRDA:34,2,1,0
BRDA:35,3,0,0
BRDA:35,3,1,0
BRDA:41,4,0,0
BRDA:41,4,1,0
BRDA:50,5,0,0
BRDA:50,5,1,0
BRDA:51,6,0,0
BRDA:51,6,1,0
BRDA:57,7,0,0
BRDA:57,7,1,0
BRDA:57,8,0,0
BRDA:57,8,1,0
BRDA:58,9,0,0
BRDA:58,9,1,0
BRDA:65,10,0,0
BRDA:65,10,1,0
BRDA:65,11,0,0
BRDA:65,11,1,0
BRF:24
BRH:0
end_of_record
TN:
SF:src\controllers\coordinatorController.js
FN:21,(anonymous_0)
FN:22,(anonymous_1)
FN:24,(anonymous_2)
FN:34,(anonymous_3)
FN:45,(anonymous_4)
FN:54,(anonymous_5)
FN:56,(anonymous_6)
FN:71,(anonymous_7)
FN:89,(anonymous_8)
FN:102,(anonymous_9)
FN:106,(anonymous_10)
FN:114,(anonymous_11)
FN:118,(anonymous_12)
FN:127,(anonymous_13)
FN:139,(anonymous_14)
FN:151,(anonymous_15)
FN:163,(anonymous_16)
FN:176,(anonymous_17)
FN:188,(anonymous_18)
FN:200,(anonymous_19)
FN:212,(anonymous_20)
FN:224,(anonymous_21)
FN:235,(anonymous_22)
FN:243,(anonymous_23)
FN:244,(anonymous_24)
FN:263,(anonymous_25)
FN:269,(anonymous_26)
FN:281,(anonymous_27)
FN:293,(anonymous_28)
FN:308,(anonymous_29)
FN:320,(anonymous_30)
FN:332,(anonymous_31)
FN:344,(anonymous_32)
FN:359,(anonymous_33)
FN:371,(anonymous_34)
FN:387,(anonymous_35)
FN:395,(anonymous_36)
FN:404,(anonymous_37)
FN:420,(anonymous_38)
FN:432,(anonymous_39)
FN:444,(anonymous_40)
FN:456,(anonymous_41)
FN:469,(anonymous_42)
FN:481,(anonymous_43)
FN:496,(anonymous_44)
FN:512,(anonymous_45)
FN:524,(anonymous_46)
FN:536,(anonymous_47)
FN:548,(anonymous_48)
FN:562,(anonymous_49)
FN:574,(anonymous_50)
FN:582,(anonymous_51)
FN:589,(anonymous_52)
FN:590,(anonymous_53)
FN:603,(anonymous_54)
FN:609,(anonymous_55)
FN:610,(anonymous_56)
FN:627,(anonymous_57)
FN:641,(anonymous_58)
FN:656,(anonymous_59)
FN:668,(anonymous_60)
FN:683,(anonymous_61)
FN:695,(anonymous_62)
FN:709,(anonymous_63)
FN:724,(anonymous_64)
FN:738,(anonymous_65)
FN:750,(anonymous_66)
FN:766,(anonymous_67)
FN:778,(anonymous_68)
FN:787,(anonymous_69)
FN:796,(anonymous_70)
FN:808,(anonymous_71)
FN:818,(anonymous_72)
FN:819,(anonymous_73)
FN:831,(anonymous_74)
FN:843,(anonymous_75)
FN:852,(anonymous_76)
FN:861,(anonymous_77)
FN:875,(anonymous_78)
FN:887,(anonymous_79)
FN:902,(anonymous_80)
FN:915,(anonymous_81)
FN:927,(anonymous_82)
FN:941,(anonymous_83)
FN:956,(anonymous_84)
FN:971,(anonymous_85)
FN:985,(anonymous_86)
FN:1000,(anonymous_87)
FN:1015,(anonymous_88)
FN:1027,(anonymous_89)
FN:1041,(anonymous_90)
FN:1046,(anonymous_91)
FN:1055,(anonymous_92)
FN:1071,(anonymous_93)
FN:1083,(anonymous_94)
FN:1095,(anonymous_95)
FN:1111,(anonymous_96)
FNF:97
FNH:74
FNDA:1,(anonymous_0)
FNDA:1,(anonymous_1)
FNDA:1,(anonymous_2)
FNDA:59,(anonymous_3)
FNDA:54,(anonymous_4)
FNDA:5,(anonymous_5)
FNDA:5,(anonymous_6)
FNDA:0,(anonymous_7)
FNDA:0,(anonymous_8)
FNDA:0,(anonymous_9)
FNDA:0,(anonymous_10)
FNDA:0,(anonymous_11)
FNDA:0,(anonymous_12)
FNDA:2,(anonymous_13)
FNDA:1,(anonymous_14)
FNDA:1,(anonymous_15)
FNDA:1,(anonymous_16)
FNDA:1,(anonymous_17)
FNDA:1,(anonymous_18)
FNDA:1,(anonymous_19)
FNDA:1,(anonymous_20)
FNDA:0,(anonymous_21)
FNDA:0,(anonymous_22)
FNDA:0,(anonymous_23)
FNDA:0,(anonymous_24)
FNDA:0,(anonymous_25)
FNDA:0,(anonymous_26)
FNDA:1,(anonymous_27)
FNDA:1,(anonymous_28)
FNDA:1,(anonymous_29)
FNDA:1,(anonymous_30)
FNDA:1,(anonymous_31)
FNDA:1,(anonymous_32)
FNDA:1,(anonymous_33)
FNDA:0,(anonymous_34)
FNDA:0,(anonymous_35)
FNDA:0,(anonymous_36)
FNDA:0,(anonymous_37)
FNDA:1,(anonymous_38)
FNDA:1,(anonymous_39)
FNDA:1,(anonymous_40)
FNDA:1,(anonymous_41)
FNDA:1,(anonymous_42)
FNDA:1,(anonymous_43)
FNDA:1,(anonymous_44)
FNDA:1,(anonymous_45)
FNDA:1,(anonymous_46)
FNDA:1,(anonymous_47)
FNDA:1,(anonymous_48)
FNDA:1,(anonymous_49)
FNDA:1,(anonymous_50)
FNDA:0,(anonymous_51)
FNDA:0,(anonymous_52)
FNDA:0,(anonymous_53)
FNDA:1,(anonymous_54)
FNDA:0,(anonymous_55)
FNDA:0,(anonymous_56)
FNDA:1,(anonymous_57)
FNDA:1,(anonymous_58)
FNDA:1,(anonymous_59)
FNDA:1,(anonymous_60)
FNDA:1,(anonymous_61)
FNDA:0,(anonymous_62)
FNDA:1,(anonymous_63)
FNDA:1,(anonymous_64)
FNDA:1,(anonymous_65)
FNDA:1,(anonymous_66)
FNDA:1,(anonymous_67)
FNDA:4,(anonymous_68)
FNDA:3,(anonymous_69)
FNDA:1,(anonymous_70)
FNDA:4,(anonymous_71)
FNDA:3,(anonymous_72)
FNDA:3,(anonymous_73)
FNDA:0,(anonymous_74)
FNDA:1,(anonymous_75)
FNDA:1,(anonymous_76)
FNDA:1,(anonymous_77)
FNDA:1,(anonymous_78)
FNDA:1,(anonymous_79)
FNDA:1,(anonymous_80)
FNDA:1,(anonymous_81)
FNDA:1,(anonymous_82)
FNDA:1,(anonymous_83)
FNDA:1,(anonymous_84)
FNDA:1,(anonymous_85)
FNDA:1,(anonymous_86)
FNDA:1,(anonymous_87)
FNDA:1,(anonymous_88)
FNDA:1,(anonymous_89)
FNDA:1,(anonymous_90)
FNDA:1,(anonymous_91)
FNDA:1,(anonymous_92)
FNDA:2,(anonymous_93)
FNDA:1,(anonymous_94)
FNDA:1,(anonymous_95)
FNDA:1,(anonymous_96)
DA:1,12
DA:2,12
DA:3,12
DA:4,12
DA:5,12
DA:6,12
DA:7,12
DA:8,12
DA:9,12
DA:10,12
DA:11,12
DA:12,12
DA:13,12
DA:14,12
DA:15,12
DA:16,12
DA:19,12
DA:21,12
DA:22,12
DA:24,12
DA:25,1
DA:26,1
DA:27,1
DA:28,1
DA:29,1
DA:31,1
DA:34,12
DA:35,59
DA:36,54
DA:45,12
DA:46,54
DA:47,54
DA:48,1
DA:49,1
DA:51,53
DA:54,12
DA:56,12
DA:57,5
DA:58,5
DA:59,1
DA:60,1
DA:62,4
DA:66,12
DA:72,0
DA:76,0
DA:77,0
DA:79,0
DA:84,12
DA:90,0
DA:93,0
DA:94,0
DA:96,0
DA:102,12
DA:103,0
DA:104,0
DA:106,0
DA:107,0
DA:108,0
DA:110,0
DA:114,12
DA:115,0
DA:116,0
DA:118,0
DA:119,0
DA:120,0
DA:122,0
DA:127,12
DA:128,2
DA:129,2
DA:130,2
DA:131,1
DA:132,1
DA:134,0
DA:135,0
DA:139,12
DA:140,1
DA:141,1
DA:142,1
DA:143,1
DA:144,1
DA:146,0
DA:147,0
DA:151,12
DA:152,1
DA:153,1
DA:154,1
DA:155,1
DA:156,1
DA:158,0
DA:159,0
DA:163,12
DA:164,1
DA:165,1
DA:166,1
DA:167,1
DA:168,1
DA:170,0
DA:171,0
DA:176,12
DA:177,1
DA:178,1
DA:179,1
DA:180,1
DA:181,1
DA:183,0
DA:184,0
DA:188,12
DA:189,1
DA:190,1
DA:191,1
DA:192,1
DA:193,1
DA:195,0
DA:196,0
DA:200,12
DA:201,1
DA:202,1
DA:203,1
DA:204,1
DA:205,1
DA:207,0
DA:208,0
DA:212,12
DA:213,1
DA:214,1
DA:215,1
DA:216,1
DA:217,1
DA:219,0
DA:220,0
DA:224,12
DA:225,0
DA:226,0
DA:229,0
DA:230,0
DA:232,0
DA:236,0
DA:237,0
DA:238,0
DA:242,0
DA:243,0
DA:244,0
DA:247,0
DA:250,0
DA:251,0
DA:254,0
DA:255,0
DA:256,0
DA:258,0
DA:259,0
DA:263,12
DA:264,0
DA:265,0
DA:266,0
DA:267,0
DA:268,0
DA:269,0
DA:270,0
DA:273,0
DA:275,0
DA:276,0
DA:281,12
DA:282,1
DA:283,1
DA:284,1
DA:285,1
DA:286,1
DA:288,0
DA:289,0
DA:293,12
DA:294,1
DA:295,1
DA:296,1
DA:297,1
DA:300,1
DA:302,0
DA:303,0
DA:308,12
DA:309,1
DA:310,1
DA:311,1
DA:312,1
DA:313,1
DA:315,0
DA:316,0
DA:320,12
DA:321,1
DA:322,1
DA:323,1
DA:324,1
DA:325,1
DA:327,0
DA:328,0
DA:332,12
DA:333,1
DA:334,1
DA:335,1
DA:336,1
DA:337,1
DA:339,0
DA:340,0
DA:344,12
DA:345,1
DA:346,1
DA:347,1
DA:348,1
DA:352,1
DA:354,0
DA:355,0
DA:359,12
DA:360,1
DA:361,1
DA:362,1
DA:363,1
DA:364,1
DA:366,0
DA:367,0
DA:371,12
DA:372,0
DA:373,0
DA:374,0
DA:375,0
DA:380,0
DA:382,0
DA:383,0
DA:387,12
DA:388,0
DA:389,0
DA:390,0
DA:391,0
DA:394,0
DA:395,0
DA:397,0
DA:399,0
DA:400,0
DA:404,12
DA:405,0
DA:406,0
DA:407,0
DA:408,0
DA:412,0
DA:414,0
DA:415,0
DA:420,12
DA:421,1
DA:422,1
DA:423,1
DA:424,1
DA:425,1
DA:427,0
DA:428,0
DA:432,12
DA:433,1
DA:434,1
DA:435,1
DA:436,1
DA:437,1
DA:439,0
DA:440,0
DA:444,12
DA:445,1
DA:446,1
DA:447,1
DA:448,1
DA:449,1
DA:451,0
DA:452,0
DA:456,12
DA:457,1
DA:458,1
DA:459,1
DA:460,1
DA:461,1
DA:463,0
DA:464,0
DA:469,12
DA:470,1
DA:471,1
DA:472,1
DA:473,1
DA:474,1
DA:476,0
DA:477,0
DA:481,12
DA:482,1
DA:483,1
DA:484,1
DA:485,1
DA:489,1
DA:491,0
DA:492,0
DA:496,12
DA:497,1
DA:498,1
DA:499,1
DA:500,1
DA:504,1
DA:506,0
DA:507,0
DA:512,12
DA:513,1
DA:514,1
DA:515,1
DA:516,1
DA:517,1
DA:519,0
DA:520,0
DA:524,12
DA:525,1
DA:526,1
DA:527,1
DA:528,1
DA:529,1
DA:531,0
DA:532,0
DA:536,12
DA:537,1
DA:538,1
DA:539,1
DA:540,1
DA:541,1
DA:543,0
DA:544,0
DA:548,12
DA:549,1
DA:550,1
DA:551,1
DA:552,1
DA:553,1
DA:554,1
DA:556,0
DA:557,0
DA:562,12
DA:563,1
DA:564,1
DA:565,1
DA:566,1
DA:567,1
DA:569,0
DA:570,0
DA:574,12
DA:575,1
DA:576,1
DA:577,1
DA:578,1
DA:579,0
DA:583,0
DA:584,0
DA:585,0
DA:589,0
DA:590,0
DA:594,1
DA:595,1
DA:596,1
DA:598,0
DA:599,0
DA:603,12
DA:604,1
DA:605,1
DA:606,1
DA:607,1
DA:608,0
DA:609,0
DA:610,0
DA:614,1
DA:615,1
DA:620,1
DA:622,0
DA:623,0
DA:627,12
DA:628,1
DA:629,1
DA:630,1
DA:631,1
DA:634,1
DA:636,0
DA:637,0
DA:641,12
DA:642,1
DA:643,1
DA:644,1
DA:645,1
DA:648,1
DA:650,0
DA:651,0
DA:656,12
DA:657,1
DA:658,1
DA:659,1
DA:660,1
DA:661,1
DA:663,0
DA:664,0
DA:668,12
DA:669,1
DA:670,1
DA:671,1
DA:672,1
DA:676,0
DA:678,1
DA:679,1
DA:683,12
DA:684,1
DA:685,1
DA:686,1
DA:687,1
DA:688,1
DA:690,0
DA:691,0
DA:695,12
DA:696,0
DA:697,0
DA:698,0
DA:699,0
DA:702,0
DA:704,0
DA:705,0
DA:709,12
DA:710,1
DA:711,1
DA:712,1
DA:713,1
DA:716,1
DA:718,0
DA:719,0
DA:724,12
DA:725,1
DA:726,1
DA:727,1
DA:728,1
DA:731,1
DA:733,0
DA:734,0
DA:738,12
DA:739,1
DA:740,1
DA:741,1
DA:742,1
DA:743,1
DA:745,0
DA:746,0
DA:750,12
DA:751,1
DA:752,1
DA:753,1
DA:754,1
DA:758,1
DA:760,0
DA:761,0
DA:766,12
DA:767,1
DA:768,1
DA:769,1
DA:770,1
DA:771,1
DA:773,0
DA:774,0
DA:778,12
DA:779,4
DA:780,4
DA:781,4
DA:787,3
DA:789,4
DA:791,0
DA:792,0
DA:796,12
DA:797,1
DA:798,1
DA:799,1
DA:800,1
DA:801,1
DA:803,0
DA:804,0
DA:808,12
DA:809,4
DA:810,4
DA:811,4
DA:812,4
DA:818,3
DA:820,3
DA:821,3
DA:824,4
DA:826,0
DA:827,0
DA:831,12
DA:832,0
DA:833,0
DA:834,0
DA:835,0
DA:836,0
DA:838,0
DA:839,0
DA:843,12
DA:844,1
DA:845,1
DA:846,1
DA:852,1
DA:854,1
DA:856,0
DA:857,0
DA:861,12
DA:862,1
DA:863,1
DA:864,1
DA:868,1
DA:870,0
DA:871,0
DA:875,12
DA:876,1
DA:877,1
DA:878,1
DA:879,1
DA:880,1
DA:882,0
DA:883,0
DA:887,12
DA:888,1
DA:889,1
DA:890,1
DA:891,1
DA:895,1
DA:897,0
DA:898,0
DA:902,12
DA:903,1
DA:904,1
DA:905,1
DA:906,1
DA:907,1
DA:909,0
DA:910,0
DA:915,12
DA:916,1
DA:917,1
DA:918,1
DA:919,1
DA:920,1
DA:922,0
DA:923,0
DA:927,12
DA:928,1
DA:929,1
DA:930,1
DA:931,1
DA:934,1
DA:936,0
DA:937,0
DA:941,12
DA:942,1
DA:943,1
DA:944,1
DA:945,1
DA:948,1
DA:950,0
DA:951,0
DA:956,12
DA:957,1
DA:958,1
DA:959,1
DA:960,1
DA:964,1
DA:966,0
DA:967,0
DA:971,12
DA:972,1
DA:973,1
DA:974,1
DA:975,1
DA:978,1
DA:980,0
DA:981,0
DA:985,12
DA:986,1
DA:987,1
DA:988,1
DA:989,1
DA:993,1
DA:995,0
DA:996,0
DA:1000,12
DA:1001,1
DA:1002,1
DA:1003,1
DA:1004,1
DA:1007,1
DA:1009,0
DA:1010,0
DA:1015,12
DA:1016,1
DA:1017,1
DA:1018,1
DA:1019,1
DA:1020,1
DA:1022,0
DA:1023,0
DA:1027,12
DA:1028,1
DA:1029,1
DA:1030,1
DA:1031,1
DA:1034,1
DA:1036,0
DA:1037,0
DA:1041,12
DA:1042,1
DA:1043,0
DA:1045,1
DA:1046,1
DA:1047,1
DA:1048,0
DA:1049,0
DA:1055,12
DA:1056,1
DA:1057,1
DA:1058,1
DA:1059,1
DA:1063,1
DA:1065,0
DA:1066,0
DA:1071,12
DA:1072,2
DA:1073,2
DA:1074,2
DA:1075,1
DA:1076,1
DA:1078,0
DA:1079,0
DA:1083,12
DA:1084,1
DA:1085,1
DA:1086,1
DA:1087,1
DA:1088,1
DA:1090,0
DA:1091,0
DA:1095,12
DA:1096,1
DA:1097,1
DA:1098,1
DA:1099,1
DA:1104,1
DA:1106,0
DA:1107,0
DA:1111,12
DA:1112,1
DA:1113,1
DA:1114,1
DA:1115,1
DA:1116,1
DA:1118,0
DA:1119,0
DA:1123,12
LF:652
LH:433
BRDA:21,0,0,0
BRDA:21,1,0,1
BRDA:21,1,1,0
BRDA:21,1,2,0
BRDA:22,2,0,1
BRDA:22,2,1,0
BRDA:26,3,0,0
BRDA:26,3,1,1
BRDA:28,4,0,1
BRDA:28,4,1,0
BRDA:35,5,0,5
BRDA:35,5,1,54
BRDA:40,6,0,54
BRDA:40,6,1,1
BRDA:47,7,0,1
BRDA:47,7,1,53
BRDA:57,8,0,5
BRDA:57,8,1,1
BRDA:57,8,2,1
BRDA:58,9,0,1
BRDA:58,9,1,4
BRDA:66,10,0,12
BRDA:66,10,1,0
BRDA:76,11,0,0
BRDA:76,11,1,0
BRDA:84,12,0,12
BRDA:84,12,1,0
BRDA:93,13,0,0
BRDA:93,13,1,0
BRDA:93,14,0,0
BRDA:93,14,1,0
BRDA:103,15,0,0
BRDA:103,15,1,0
BRDA:103,16,0,0
BRDA:103,16,1,0
BRDA:107,17,0,0
BRDA:107,17,1,0
BRDA:108,18,0,0
BRDA:108,18,1,0
BRDA:115,19,0,0
BRDA:115,19,1,0
BRDA:115,20,0,0
BRDA:115,20,1,0
BRDA:119,21,0,0
BRDA:119,21,1,0
BRDA:120,22,0,0
BRDA:120,22,1,0
BRDA:130,23,0,1
BRDA:130,23,1,1
BRDA:142,24,0,0
BRDA:142,24,1,1
BRDA:154,25,0,0
BRDA:154,25,1,1
BRDA:166,26,0,0
BRDA:166,26,1,1
BRDA:179,27,0,0
BRDA:179,27,1,1
BRDA:191,28,0,0
BRDA:191,28,1,1
BRDA:203,29,0,0
BRDA:203,29,1,1
BRDA:215,30,0,0
BRDA:215,30,1,1
BRDA:225,31,0,0
BRDA:225,31,1,0
BRDA:230,32,0,0
BRDA:230,32,1,0
BRDA:236,33,0,0
BRDA:236,33,1,0
BRDA:237,34,0,0
BRDA:237,34,1,0
BRDA:244,35,0,0
BRDA:244,35,1,0
BRDA:247,36,0,0
BRDA:247,36,1,0
BRDA:250,37,0,0
BRDA:250,37,1,0
BRDA:266,38,0,0
BRDA:266,38,1,0
BRDA:268,39,0,0
BRDA:268,39,1,0
BRDA:270,40,0,0
BRDA:270,40,1,0
BRDA:284,41,0,0
BRDA:284,41,1,1
BRDA:296,42,0,0
BRDA:296,42,1,1
BRDA:311,43,0,0
BRDA:311,43,1,1
BRDA:323,44,0,0
BRDA:323,44,1,1
BRDA:335,45,0,0
BRDA:335,45,1,1
BRDA:347,46,0,0
BRDA:347,46,1,1
BRDA:362,47,0,0
BRDA:362,47,1,1
BRDA:374,48,0,0
BRDA:374,48,1,0
BRDA:390,49,0,0
BRDA:390,49,1,0
BRDA:394,50,0,0
BRDA:394,50,1,0
BRDA:407,51,0,0
BRDA:407,51,1,0
BRDA:423,52,0,0
BRDA:423,52,1,1
BRDA:435,53,0,0
BRDA:435,53,1,1
BRDA:447,54,0,0
BRDA:447,54,1,1
BRDA:459,55,0,0
BRDA:459,55,1,1
BRDA:472,56,0,0
BRDA:472,56,1,1
BRDA:484,57,0,0
BRDA:484,57,1,1
BRDA:486,58,0,1
BRDA:486,58,1,0
BRDA:487,59,0,1
BRDA:487,59,1,1
BRDA:499,60,0,0
BRDA:499,60,1,1
BRDA:501,61,0,1
BRDA:501,61,1,0
BRDA:502,62,0,1
BRDA:502,62,1,0
BRDA:515,63,0,0
BRDA:515,63,1,1
BRDA:527,64,0,0
BRDA:527,64,1,1
BRDA:539,65,0,0
BRDA:539,65,1,1
BRDA:550,66,0,1
BRDA:550,66,1,0
BRDA:550,67,0,1
BRDA:550,67,1,0
BRDA:552,68,0,0
BRDA:552,68,1,1
BRDA:565,69,0,0
BRDA:565,69,1,1
BRDA:577,70,0,0
BRDA:577,70,1,1
BRDA:578,71,0,0
BRDA:578,71,1,1
BRDA:578,72,0,1
BRDA:578,72,1,1
BRDA:578,73,0,1
BRDA:578,73,1,1
BRDA:583,74,0,0
BRDA:583,74,1,0
BRDA:584,75,0,0
BRDA:584,75,1,0
BRDA:590,76,0,0
BRDA:590,76,1,0
BRDA:594,77,0,0
BRDA:594,77,1,1
BRDA:595,78,0,1
BRDA:595,78,1,0
BRDA:606,79,0,0
BRDA:606,79,1,1
BRDA:607,80,0,0
BRDA:607,80,1,1
BRDA:607,81,0,1
BRDA:607,81,1,1
BRDA:607,82,0,1
BRDA:607,82,1,1
BRDA:610,83,0,0
BRDA:610,83,1,0
BRDA:614,84,0,0
BRDA:614,84,1,1
BRDA:616,85,0,1
BRDA:616,85,1,0
BRDA:617,86,0,1
BRDA:617,86,1,0
BRDA:630,87,0,0
BRDA:630,87,1,1
BRDA:632,88,0,1
BRDA:632,88,1,0
BRDA:644,89,0,0
BRDA:644,89,1,1
BRDA:646,90,0,1
BRDA:646,90,1,0
BRDA:659,91,0,0
BRDA:659,91,1,1
BRDA:671,92,0,0
BRDA:671,92,1,1
BRDA:673,93,0,1
BRDA:673,93,1,0
BRDA:686,94,0,0
BRDA:686,94,1,1
BRDA:698,95,0,0
BRDA:698,95,1,0
BRDA:700,96,0,0
BRDA:700,96,1,0
BRDA:712,97,0,0
BRDA:712,97,1,1
BRDA:727,98,0,0
BRDA:727,98,1,1
BRDA:729,99,0,1
BRDA:729,99,1,0
BRDA:741,100,0,0
BRDA:741,100,1,1
BRDA:753,101,0,0
BRDA:753,101,1,1
BRDA:755,102,0,1
BRDA:755,102,1,1
BRDA:769,103,0,0
BRDA:769,103,1,1
BRDA:799,104,0,0
BRDA:799,104,1,1
BRDA:821,105,0,3
BRDA:821,105,1,3
BRDA:821,105,2,2
BRDA:834,106,0,0
BRDA:834,106,1,0
BRDA:878,107,0,0
BRDA:878,107,1,1
BRDA:890,108,0,0
BRDA:890,108,1,1
BRDA:905,109,0,0
BRDA:905,109,1,1
BRDA:918,110,0,0
BRDA:918,110,1,1
BRDA:930,111,0,0
BRDA:930,111,1,1
BRDA:944,112,0,0
BRDA:944,112,1,1
BRDA:946,113,0,1
BRDA:946,113,1,1
BRDA:959,114,0,0
BRDA:959,114,1,1
BRDA:961,115,0,1
BRDA:961,115,1,0
BRDA:962,116,0,1
BRDA:962,116,1,1
BRDA:974,117,0,0
BRDA:974,117,1,1
BRDA:976,118,0,1
BRDA:976,118,1,0
BRDA:988,119,0,0
BRDA:988,119,1,1
BRDA:990,120,0,1
BRDA:990,120,1,0
BRDA:991,121,0,1
BRDA:991,121,1,1
BRDA:1003,122,0,0
BRDA:1003,122,1,1
BRDA:1005,123,0,1
BRDA:1005,123,1,0
BRDA:1018,124,0,0
BRDA:1018,124,1,1
BRDA:1030,125,0,0
BRDA:1030,125,1,1
BRDA:1032,126,0,1
BRDA:1032,126,1,0
BRDA:1042,127,0,0
BRDA:1042,127,1,1
BRDA:1042,128,0,1
BRDA:1042,128,1,1
BRDA:1047,129,0,0
BRDA:1047,129,1,1
BRDA:1058,130,0,0
BRDA:1058,130,1,1
BRDA:1074,131,0,1
BRDA:1074,131,1,1
BRDA:1086,132,0,0
BRDA:1086,132,1,1
BRDA:1098,133,0,0
BRDA:1098,133,1,1
BRDA:1114,134,0,0
BRDA:1114,134,1,1
BRF:272
BRH:122
end_of_record
TN:
SF:src\controllers\logsController.js
FN:13,(anonymous_0)
FN:18,(anonymous_1)
FN:32,(anonymous_2)
FNF:3
FNH:1
FNDA:8,(anonymous_0)
FNDA:0,(anonymous_1)
FNDA:0,(anonymous_2)
DA:9,8
DA:11,8
DA:14,8
DA:19,0
DA:20,0
DA:21,0
DA:22,0
DA:25,0
DA:26,0
DA:27,0
DA:28,0
DA:29,0
DA:31,0
DA:32,0
DA:33,0
DA:37,0
DA:40,0
DA:42,0
DA:43,0
DA:48,8
LF:20
LH:4
BRDA:20,0,0,0
BRDA:20,1,0,0
BRDA:20,1,1,0
BRDA:21,2,0,0
BRDA:21,2,1,0
BRDA:26,3,0,0
BRDA:26,3,1,0
BRDA:28,4,0,0
BRDA:28,4,1,0
BRDA:28,4,2,0
BRDA:31,5,0,0
BRDA:31,5,1,0
BRDA:33,6,0,0
BRDA:33,6,1,0
BRF:14
BRH:0
end_of_record
TN:
SF:src\controllers\organizerController.js
FN:10,(anonymous_0)
FN:11,(anonymous_1)
FN:13,(anonymous_2)
FN:19,(anonymous_3)
FN:35,(anonymous_4)
FN:48,(anonymous_5)
FN:61,(anonymous_6)
FN:74,(anonymous_7)
FN:82,(anonymous_8)
FN:89,(anonymous_9)
FN:90,(anonymous_10)
FN:107,(anonymous_11)
FN:120,(anonymous_12)
FN:134,(anonymous_13)
FN:150,(anonymous_14)
FN:167,(anonymous_15)
FN:184,(anonymous_16)
FN:197,(anonymous_17)
FN:219,(anonymous_18)
FN:241,(anonymous_19)
FN:254,(anonymous_20)
FN:279,(anonymous_21)
FN:292,(anonymous_22)
FN:305,(anonymous_23)
FN:317,(anonymous_24)
FN:335,(anonymous_25)
FN:348,(anonymous_26)
FN:361,(anonymous_27)
FN:374,(anonymous_28)
FN:387,(anonymous_29)
FN:400,(anonymous_30)
FN:413,(anonymous_31)
FNF:32
FNH:24
FNDA:0,(anonymous_0)
FNDA:0,(anonymous_1)
FNDA:0,(anonymous_2)
FNDA:25,(anonymous_3)
FNDA:2,(anonymous_4)
FNDA:1,(anonymous_5)
FNDA:1,(anonymous_6)
FNDA:0,(anonymous_7)
FNDA:0,(anonymous_8)
FNDA:0,(anonymous_9)
FNDA:0,(anonymous_10)
FNDA:1,(anonymous_11)
FNDA:2,(anonymous_12)
FNDA:1,(anonymous_13)
FNDA:1,(anonymous_14)
FNDA:1,(anonymous_15)
FNDA:1,(anonymous_16)
FNDA:1,(anonymous_17)
FNDA:1,(anonymous_18)
FNDA:1,(anonymous_19)
FNDA:1,(anonymous_20)
FNDA:1,(anonymous_21)
FNDA:1,(anonymous_22)
FNDA:1,(anonymous_23)
FNDA:0,(anonymous_24)
FNDA:1,(anonymous_25)
FNDA:1,(anonymous_26)
FNDA:1,(anonymous_27)
FNDA:1,(anonymous_28)
FNDA:1,(anonymous_29)
FNDA:1,(anonymous_30)
FNDA:1,(anonymous_31)
DA:1,12
DA:2,12
DA:3,12
DA:4,12
DA:5,12
DA:8,12
DA:10,12
DA:11,12
DA:13,12
DA:14,0
DA:15,0
DA:16,0
DA:19,12
DA:20,25
DA:21,1
DA:22,1
DA:25,24
DA:35,12
DA:36,2
DA:37,2
DA:38,2
DA:39,1
DA:40,1
DA:42,0
DA:43,0
DA:48,12
DA:49,1
DA:50,1
DA:51,1
DA:52,1
DA:53,1
DA:55,0
DA:56,0
DA:61,12
DA:62,1
DA:63,1
DA:64,1
DA:65,1
DA:66,1
DA:68,0
DA:69,0
DA:74,12
DA:75,0
DA:76,0
DA:77,0
DA:78,0
DA:79,0
DA:83,0
DA:84,0
DA:85,0
DA:89,0
DA:90,0
DA:94,0
DA:95,0
DA:98,0
DA:99,0
DA:101,0
DA:102,0
DA:107,12
DA:108,1
DA:109,1
DA:110,1
DA:111,1
DA:112,1
DA:114,0
DA:115,0
DA:120,12
DA:121,2
DA:122,2
DA:123,2
DA:124,2
DA:125,1
DA:126,1
DA:128,0
DA:129,0
DA:134,12
DA:135,1
DA:136,1
DA:137,1
DA:138,1
DA:140,1
DA:141,1
DA:142,1
DA:144,0
DA:145,0
DA:150,12
DA:151,1
DA:152,1
DA:153,1
DA:154,1
DA:155,0
DA:158,1
DA:159,1
DA:161,0
DA:162,0
DA:167,12
DA:168,1
DA:169,1
DA:170,1
DA:171,1
DA:172,0
DA:175,1
DA:176,1
DA:178,0
DA:179,0
DA:184,12
DA:185,1
DA:186,1
DA:187,1
DA:188,1
DA:189,1
DA:191,0
DA:192,0
DA:197,12
DA:198,1
DA:199,1
DA:200,1
DA:201,1
DA:206,1
DA:208,0
DA:209,0
DA:210,0
DA:211,0
DA:213,0
DA:214,0
DA:219,12
DA:220,1
DA:221,1
DA:222,1
DA:223,1
DA:228,1
DA:230,0
DA:231,0
DA:232,0
DA:233,0
DA:235,0
DA:236,0
DA:241,12
DA:242,1
DA:243,1
DA:244,1
DA:245,1
DA:246,1
DA:248,0
DA:249,0
DA:254,12
DA:255,1
DA:256,1
DA:257,1
DA:258,1
DA:259,1
DA:266,1
DA:268,0
DA:269,0
DA:270,0
DA:271,0
DA:273,0
DA:274,0
DA:279,12
DA:280,1
DA:281,1
DA:282,1
DA:283,1
DA:284,1
DA:286,0
DA:287,0
DA:292,12
DA:293,1
DA:294,1
DA:295,1
DA:296,1
DA:297,1
DA:299,0
DA:300,0
DA:305,12
DA:306,1
DA:307,1
DA:308,1
DA:309,1
DA:310,1
DA:313,0
DA:314,0
DA:316,0
DA:317,0
DA:318,0
DA:322,0
DA:324,0
DA:325,0
DA:326,0
DA:327,0
DA:329,0
DA:330,0
DA:335,12
DA:336,1
DA:337,1
DA:338,1
DA:339,1
DA:340,1
DA:342,0
DA:343,0
DA:348,12
DA:349,1
DA:350,1
DA:351,1
DA:352,1
DA:353,1
DA:355,0
DA:356,0
DA:361,12
DA:362,1
DA:363,1
DA:364,1
DA:365,1
DA:366,1
DA:368,0
DA:369,0
DA:374,12
DA:375,1
DA:376,1
DA:377,1
DA:378,1
DA:379,1
DA:381,0
DA:382,0
DA:387,12
DA:388,1
DA:389,1
DA:390,1
DA:391,1
DA:392,1
DA:394,0
DA:395,0
DA:400,12
DA:401,1
DA:402,1
DA:403,1
DA:404,1
DA:405,1
DA:407,0
DA:408,0
DA:413,12
DA:414,1
DA:415,1
DA:416,1
DA:417,1
DA:418,1
DA:420,0
DA:421,0
DA:425,12
LF:249
LH:160
BRDA:10,0,0,0
BRDA:10,1,0,0
BRDA:10,1,1,0
BRDA:10,1,2,0
BRDA:11,2,0,0
BRDA:11,2,1,0
BRDA:15,3,0,0
BRDA:15,3,1,0
BRDA:20,4,0,1
BRDA:20,4,1,24
BRDA:38,5,0,1
BRDA:38,5,1,1
BRDA:51,6,0,0
BRDA:51,6,1,1
BRDA:64,7,0,0
BRDA:64,7,1,1
BRDA:77,8,0,0
BRDA:77,8,1,0
BRDA:78,9,0,0
BRDA:78,9,1,0
BRDA:78,10,0,0
BRDA:78,10,1,0
BRDA:78,11,0,0
BRDA:78,11,1,0
BRDA:83,12,0,0
BRDA:83,12,1,0
BRDA:84,13,0,0
BRDA:84,13,1,0
BRDA:90,14,0,0
BRDA:90,14,1,0
BRDA:94,15,0,0
BRDA:94,15,1,0
BRDA:110,16,0,0
BRDA:110,16,1,1
BRDA:123,17,0,0
BRDA:123,17,1,2
BRDA:124,18,0,1
BRDA:124,18,1,1
BRDA:137,19,0,0
BRDA:137,19,1,1
BRDA:138,20,0,0
BRDA:138,20,1,1
BRDA:153,21,0,0
BRDA:153,21,1,1
BRDA:154,22,0,0
BRDA:154,22,1,1
BRDA:170,23,0,0
BRDA:170,23,1,1
BRDA:171,24,0,0
BRDA:171,24,1,1
BRDA:187,25,0,0
BRDA:187,25,1,1
BRDA:200,26,0,0
BRDA:200,26,1,1
BRDA:204,27,0,1
BRDA:204,27,1,0
BRDA:210,28,0,0
BRDA:210,28,1,0
BRDA:213,29,0,0
BRDA:213,29,1,0
BRDA:222,30,0,0
BRDA:222,30,1,1
BRDA:226,31,0,1
BRDA:226,31,1,0
BRDA:232,32,0,0
BRDA:232,32,1,0
BRDA:235,33,0,0
BRDA:235,33,1,0
BRDA:244,34,0,0
BRDA:244,34,1,1
BRDA:257,35,0,0
BRDA:257,35,1,1
BRDA:258,36,0,1
BRDA:258,36,1,0
BRDA:270,37,0,0
BRDA:270,37,1,0
BRDA:273,38,0,0
BRDA:273,38,1,0
BRDA:282,39,0,0
BRDA:282,39,1,1
BRDA:295,40,0,0
BRDA:295,40,1,1
BRDA:308,41,0,0
BRDA:308,41,1,1
BRDA:309,42,0,1
BRDA:309,42,1,0
BRDA:316,43,0,0
BRDA:316,43,1,0
BRDA:316,44,0,0
BRDA:316,44,1,0
BRDA:318,45,0,0
BRDA:318,45,1,0
BRDA:326,46,0,0
BRDA:326,46,1,0
BRDA:329,47,0,0
BRDA:329,47,1,0
BRDA:338,48,0,0
BRDA:338,48,1,1
BRDA:351,49,0,0
BRDA:351,49,1,1
BRDA:364,50,0,0
BRDA:364,50,1,1
BRDA:377,51,0,0
BRDA:377,51,1,1
BRDA:390,52,0,0
BRDA:390,52,1,1
BRDA:403,53,0,0
BRDA:403,53,1,1
BRDA:416,54,0,0
BRDA:416,54,1,1
BRF:110
BRH:35
end_of_record
TN:
SF:src\controllers\paymentController.js
FN:4,(anonymous_0)
FN:23,(anonymous_1)
FNF:2
FNH:0
FNDA:0,(anonymous_0)
FNDA:0,(anonymous_1)
DA:1,8
DA:2,8
DA:4,8
DA:5,0
DA:6,0
DA:7,0
DA:8,0
DA:9,0
DA:10,0
DA:11,0
DA:12,0
DA:15,0
DA:16,0
DA:18,0
DA:19,0
DA:23,8
DA:24,0
DA:25,0
DA:26,0
DA:27,0
DA:28,0
DA:29,0
DA:32,0
DA:33,0
DA:34,0
DA:36,0
DA:38,0
DA:39,0
DA:40,0
DA:41,0
DA:42,0
DA:43,0
DA:47,0
DA:48,0
DA:50,0
DA:51,0
DA:55,8
LF:37
LH:5
BRDA:5,0,0,0
BRDA:5,0,1,0
BRDA:8,1,0,0
BRDA:8,1,1,0
BRDA:8,2,0,0
BRDA:8,2,1,0
BRDA:10,3,0,0
BRDA:10,3,1,0
BRDA:10,4,0,0
BRDA:10,4,1,0
BRDA:24,5,0,0
BRDA:24,5,1,0
BRDA:25,6,0,0
BRDA:25,6,1,0
BRDA:26,7,0,0
BRDA:26,7,1,0
BRDA:26,8,0,0
BRDA:26,8,1,0
BRDA:26,8,2,0
BRDA:29,9,0,0
BRDA:29,9,1,0
BRDA:34,10,0,0
BRDA:34,10,1,0
BRDA:36,11,0,0
BRDA:36,11,1,0
BRDA:38,12,0,0
BRDA:38,12,1,0
BRDA:40,13,0,0
BRDA:40,13,1,0
BRDA:47,14,0,0
BRDA:47,14,1,0
BRF:31
BRH:0
end_of_record
TN:
SF:src\controllers\playerController.js
FN:23,(anonymous_0)
FN:31,(anonymous_1)
FN:32,(anonymous_2)
FN:34,(anonymous_3)
FN:40,(anonymous_4)
FN:55,(anonymous_5)
FN:63,(anonymous_6)
FN:72,(anonymous_7)
FN:83,(anonymous_8)
FN:90,(anonymous_9)
FN:97,(anonymous_10)
FN:110,(anonymous_11)
FN:122,(anonymous_12)
FN:134,(anonymous_13)
FN:146,(anonymous_14)
FN:158,(anonymous_15)
FN:170,(anonymous_16)
FN:182,(anonymous_17)
FN:194,(anonymous_18)
FN:207,(anonymous_19)
FN:219,(anonymous_20)
FN:231,(anonymous_21)
FN:242,(anonymous_22)
FN:251,(anonymous_23)
FN:266,(anonymous_24)
FN:279,(anonymous_25)
FN:291,(anonymous_26)
FN:303,(anonymous_27)
FN:315,(anonymous_28)
FN:328,(anonymous_29)
FN:340,(anonymous_30)
FN:352,(anonymous_31)
FN:369,(anonymous_32)
FN:381,(anonymous_33)
FN:400,(anonymous_34)
FN:415,(anonymous_35)
FN:421,(anonymous_36)
FN:434,(anonymous_37)
FN:448,(anonymous_38)
FN:460,(anonymous_39)
FN:472,(anonymous_40)
FN:491,(anonymous_41)
FN:497,(anonymous_42)
FN:511,(anonymous_43)
FN:526,(anonymous_44)
FN:538,(anonymous_45)
FN:553,(anonymous_46)
FN:566,(anonymous_47)
FN:578,(anonymous_48)
FN:590,(anonymous_49)
FN:602,(anonymous_50)
FN:614,(anonymous_51)
FN:626,(anonymous_52)
FN:638,(anonymous_53)
FN:650,(anonymous_54)
FN:662,(anonymous_55)
FN:675,(anonymous_56)
FN:687,(anonymous_57)
FN:699,(anonymous_58)
FN:710,(anonymous_59)
FN:719,(anonymous_60)
FN:730,(anonymous_61)
FN:739,(anonymous_62)
FN:750,(anonymous_63)
FN:760,(anonymous_64)
FN:772,(anonymous_65)
FN:785,(anonymous_66)
FN:797,(anonymous_67)
FNF:68
FNH:42
FNDA:0,(anonymous_0)
FNDA:2,(anonymous_1)
FNDA:1,(anonymous_2)
FNDA:2,(anonymous_3)
FNDA:40,(anonymous_4)
FNDA:0,(anonymous_5)
FNDA:0,(anonymous_6)
FNDA:0,(anonymous_7)
FNDA:0,(anonymous_8)
FNDA:0,(anonymous_9)
FNDA:4,(anonymous_10)
FNDA:1,(anonymous_11)
FNDA:1,(anonymous_12)
FNDA:1,(anonymous_13)
FNDA:0,(anonymous_14)
FNDA:0,(anonymous_15)
FNDA:0,(anonymous_16)
FNDA:0,(anonymous_17)
FNDA:0,(anonymous_18)
FNDA:1,(anonymous_19)
FNDA:0,(anonymous_20)
FNDA:3,(anonymous_21)
FNDA:2,(anonymous_22)
FNDA:0,(anonymous_23)
FNDA:0,(anonymous_24)
FNDA:1,(anonymous_25)
FNDA:0,(anonymous_26)
FNDA:0,(anonymous_27)
FNDA:0,(anonymous_28)
FNDA:1,(anonymous_29)
FNDA:1,(anonymous_30)
FNDA:0,(anonymous_31)
FNDA:1,(anonymous_32)
FNDA:1,(anonymous_33)
FNDA:1,(anonymous_34)
FNDA:1,(anonymous_35)
FNDA:1,(anonymous_36)
FNDA:0,(anonymous_37)
FNDA:1,(anonymous_38)
FNDA:1,(anonymous_39)
FNDA:0,(anonymous_40)
FNDA:0,(anonymous_41)
FNDA:0,(anonymous_42)
FNDA:1,(anonymous_43)
FNDA:1,(anonymous_44)
FNDA:0,(anonymous_45)
FNDA:0,(anonymous_46)
FNDA:1,(anonymous_47)
FNDA:1,(anonymous_48)
FNDA:1,(anonymous_49)
FNDA:1,(anonymous_50)
FNDA:1,(anonymous_51)
FNDA:1,(anonymous_52)
FNDA:1,(anonymous_53)
FNDA:1,(anonymous_54)
FNDA:1,(anonymous_55)
FNDA:1,(anonymous_56)
FNDA:1,(anonymous_57)
FNDA:2,(anonymous_58)
FNDA:1,(anonymous_59)
FNDA:2,(anonymous_60)
FNDA:1,(anonymous_61)
FNDA:0,(anonymous_62)
FNDA:0,(anonymous_63)
FNDA:1,(anonymous_64)
FNDA:1,(anonymous_65)
FNDA:1,(anonymous_66)
FNDA:1,(anonymous_67)
DA:1,13
DA:2,13
DA:3,13
DA:4,13
DA:5,13
DA:6,13
DA:7,13
DA:8,13
DA:9,13
DA:10,13
DA:11,13
DA:12,13
DA:13,13
DA:16,13
DA:19,13
DA:20,13
DA:24,0
DA:25,0
DA:26,0
DA:31,13
DA:32,13
DA:34,13
DA:35,2
DA:36,2
DA:37,2
DA:40,13
DA:41,40
DA:42,1
DA:43,1
DA:45,39
DA:55,13
DA:56,0
DA:57,0
DA:59,0
DA:60,0
DA:63,0
DA:64,0
DA:65,0
DA:66,0
DA:68,0
DA:72,13
DA:73,0
DA:74,0
DA:76,0
DA:77,0
DA:80,0
DA:84,0
DA:85,0
DA:86,0
DA:90,0
DA:91,0
DA:92,0
DA:97,13
DA:98,4
DA:99,4
DA:100,4
DA:101,3
DA:102,1
DA:104,2
DA:105,2
DA:110,13
DA:111,1
DA:112,1
DA:113,1
DA:114,1
DA:115,1
DA:117,0
DA:118,0
DA:122,13
DA:123,1
DA:124,1
DA:125,1
DA:126,1
DA:127,1
DA:129,0
DA:130,0
DA:134,13
DA:135,1
DA:136,1
DA:137,1
DA:138,1
DA:139,1
DA:141,0
DA:142,0
DA:146,13
DA:147,0
DA:148,0
DA:149,0
DA:150,0
DA:151,0
DA:153,0
DA:154,0
DA:158,13
DA:159,0
DA:160,0
DA:161,0
DA:162,0
DA:163,0
DA:165,0
DA:166,0
DA:170,13
DA:171,0
DA:172,0
DA:173,0
DA:174,0
DA:175,0
DA:177,0
DA:178,0
DA:182,13
DA:183,0
DA:184,0
DA:185,0
DA:186,0
DA:187,0
DA:189,0
DA:190,0
DA:194,13
DA:195,0
DA:196,0
DA:197,0
DA:198,0
DA:199,0
DA:201,0
DA:202,0
DA:207,13
DA:208,1
DA:209,1
DA:210,1
DA:211,1
DA:212,1
DA:214,0
DA:215,0
DA:219,13
DA:220,0
DA:221,0
DA:222,0
DA:223,0
DA:224,0
DA:226,0
DA:227,0
DA:231,13
DA:232,3
DA:233,3
DA:234,3
DA:235,3
DA:236,3
DA:242,2
DA:244,3
DA:246,0
DA:247,0
DA:251,13
DA:252,0
DA:253,0
DA:254,0
DA:255,0
DA:256,0
DA:257,0
DA:258,0
DA:259,0
DA:261,0
DA:262,0
DA:266,13
DA:267,0
DA:268,0
DA:269,0
DA:270,0
DA:271,0
DA:273,0
DA:274,0
DA:279,13
DA:280,1
DA:281,1
DA:282,1
DA:283,1
DA:284,1
DA:286,0
DA:287,0
DA:291,13
DA:292,0
DA:293,0
DA:294,0
DA:295,0
DA:296,0
DA:298,0
DA:299,0
DA:303,13
DA:304,0
DA:305,0
DA:306,0
DA:307,0
DA:308,0
DA:310,0
DA:311,0
DA:315,13
DA:316,0
DA:317,0
DA:318,0
DA:319,0
DA:320,0
DA:322,0
DA:323,0
DA:328,13
DA:329,1
DA:330,1
DA:331,1
DA:332,1
DA:333,1
DA:335,0
DA:336,0
DA:340,13
DA:341,1
DA:342,1
DA:343,1
DA:344,1
DA:345,1
DA:347,0
DA:348,0
DA:352,13
DA:353,0
DA:354,0
DA:355,0
DA:356,0
DA:361,0
DA:363,0
DA:364,0
DA:369,13
DA:370,1
DA:371,1
DA:372,1
DA:373,1
DA:374,1
DA:376,0
DA:377,0
DA:381,13
DA:382,1
DA:383,1
DA:386,0
DA:387,0
DA:388,0
DA:389,0
DA:393,0
DA:395,0
DA:396,0
DA:400,13
DA:401,1
DA:402,1
DA:403,1
DA:404,1
DA:408,1
DA:410,0
DA:411,0
DA:415,13
DA:416,1
DA:417,1
DA:418,1
DA:419,1
DA:420,1
DA:421,1
DA:422,1
DA:423,1
DA:425,1
DA:427,0
DA:429,0
DA:430,0
DA:434,13
DA:435,0
DA:436,0
DA:441,0
DA:443,0
DA:444,0
DA:448,13
DA:449,1
DA:450,1
DA:451,1
DA:452,1
DA:453,1
DA:455,0
DA:456,0
DA:460,13
DA:461,1
DA:462,1
DA:463,1
DA:464,1
DA:465,1
DA:467,0
DA:468,0
DA:472,13
DA:473,0
DA:474,0
DA:477,0
DA:478,0
DA:479,0
DA:480,0
DA:484,0
DA:486,0
DA:487,0
DA:491,13
DA:492,0
DA:493,0
DA:494,0
DA:495,0
DA:496,0
DA:497,0
DA:498,0
DA:499,0
DA:501,0
DA:503,0
DA:505,0
DA:506,0
DA:511,13
DA:512,1
DA:513,1
DA:514,1
DA:515,1
DA:519,1
DA:521,0
DA:522,0
DA:526,13
DA:527,1
DA:528,1
DA:529,1
DA:530,1
DA:531,1
DA:533,0
DA:534,0
DA:538,13
DA:539,0
DA:540,0
DA:541,0
DA:542,0
DA:546,0
DA:548,0
DA:549,0
DA:553,13
DA:554,0
DA:555,0
DA:556,0
DA:557,0
DA:558,0
DA:560,0
DA:561,0
DA:566,13
DA:567,1
DA:568,1
DA:569,1
DA:570,1
DA:571,1
DA:573,0
DA:574,0
DA:578,13
DA:579,1
DA:580,1
DA:581,1
DA:582,1
DA:583,1
DA:585,0
DA:586,0
DA:590,13
DA:591,1
DA:592,1
DA:593,1
DA:594,1
DA:595,1
DA:597,0
DA:598,0
DA:602,13
DA:603,1
DA:604,1
DA:605,1
DA:606,1
DA:607,1
DA:609,0
DA:610,0
DA:614,13
DA:615,1
DA:616,1
DA:617,1
DA:618,1
DA:619,1
DA:621,0
DA:622,0
DA:626,13
DA:627,1
DA:628,1
DA:629,1
DA:630,1
DA:631,1
DA:633,0
DA:634,0
DA:638,13
DA:639,1
DA:640,1
DA:641,1
DA:642,1
DA:643,1
DA:645,0
DA:646,0
DA:650,13
DA:651,1
DA:652,1
DA:653,1
DA:654,1
DA:655,1
DA:657,0
DA:658,0
DA:662,13
DA:663,1
DA:664,1
DA:665,1
DA:666,1
DA:667,1
DA:669,0
DA:670,0
DA:675,13
DA:676,1
DA:677,1
DA:678,1
DA:679,1
DA:680,1
DA:682,0
DA:683,0
DA:687,13
DA:688,1
DA:689,1
DA:690,1
DA:691,1
DA:692,1
DA:694,0
DA:695,0
DA:699,13
DA:700,2
DA:701,2
DA:702,2
DA:703,2
DA:704,2
DA:710,1
DA:712,2
DA:714,0
DA:715,0
DA:719,13
DA:720,2
DA:721,2
DA:722,2
DA:723,2
DA:724,2
DA:730,1
DA:732,2
DA:734,0
DA:735,0
DA:739,13
DA:740,0
DA:741,0
DA:742,0
DA:743,0
DA:744,0
DA:750,0
DA:752,0
DA:754,0
DA:755,0
DA:760,13
DA:761,1
DA:762,1
DA:763,1
DA:764,1
DA:765,1
DA:767,0
DA:768,0
DA:772,13
DA:773,1
DA:774,1
DA:775,1
DA:776,1
DA:777,1
DA:779,0
DA:780,0
DA:785,13
DA:786,1
DA:787,1
DA:788,1
DA:789,1
DA:790,1
DA:792,0
DA:793,0
DA:797,13
DA:798,1
DA:799,1
DA:800,1
DA:801,1
DA:802,1
DA:804,0
DA:805,0
DA:809,13
LF:492
LH:261
BRDA:19,0,0,13
BRDA:19,0,1,0
BRDA:24,1,0,0
BRDA:24,1,1,0
BRDA:25,2,0,0
BRDA:25,2,1,0
BRDA:31,3,0,0
BRDA:31,4,0,2
BRDA:31,4,1,0
BRDA:31,4,2,0
BRDA:32,5,0,1
BRDA:32,5,1,0
BRDA:36,6,0,1
BRDA:36,6,1,1
BRDA:41,7,0,1
BRDA:41,7,1,39
BRDA:56,8,0,0
BRDA:56,8,1,0
BRDA:56,9,0,0
BRDA:56,9,1,0
BRDA:59,10,0,0
BRDA:59,10,1,0
BRDA:64,11,0,0
BRDA:64,11,1,0
BRDA:66,12,0,0
BRDA:66,12,1,0
BRDA:73,13,0,0
BRDA:73,13,1,0
BRDA:76,14,0,0
BRDA:76,14,1,0
BRDA:84,15,0,0
BRDA:84,15,1,0
BRDA:85,16,0,0
BRDA:85,16,1,0
BRDA:91,17,0,0
BRDA:91,17,1,0
BRDA:91,18,0,0
BRDA:91,18,1,0
BRDA:100,19,0,1
BRDA:100,19,1,3
BRDA:113,20,0,0
BRDA:113,20,1,1
BRDA:125,21,0,0
BRDA:125,21,1,1
BRDA:137,22,0,0
BRDA:137,22,1,1
BRDA:149,23,0,0
BRDA:149,23,1,0
BRDA:161,24,0,0
BRDA:161,24,1,0
BRDA:173,25,0,0
BRDA:173,25,1,0
BRDA:185,26,0,0
BRDA:185,26,1,0
BRDA:197,27,0,0
BRDA:197,27,1,0
BRDA:210,28,0,0
BRDA:210,28,1,1
BRDA:222,29,0,0
BRDA:222,29,1,0
BRDA:234,30,0,0
BRDA:234,30,1,3
BRDA:254,31,0,0
BRDA:254,31,1,0
BRDA:256,32,0,0
BRDA:256,32,1,0
BRDA:269,33,0,0
BRDA:269,33,1,0
BRDA:282,34,0,0
BRDA:282,34,1,1
BRDA:294,35,0,0
BRDA:294,35,1,0
BRDA:306,36,0,0
BRDA:306,36,1,0
BRDA:318,37,0,0
BRDA:318,37,1,0
BRDA:331,38,0,0
BRDA:331,38,1,1
BRDA:343,39,0,0
BRDA:343,39,1,1
BRDA:355,40,0,0
BRDA:355,40,1,0
BRDA:359,41,0,0
BRDA:359,41,1,0
BRDA:359,41,2,0
BRDA:372,42,0,0
BRDA:372,42,1,1
BRDA:382,43,0,1
BRDA:382,43,1,0
BRDA:388,44,0,0
BRDA:388,44,1,0
BRDA:403,45,0,0
BRDA:403,45,1,1
BRDA:418,46,0,0
BRDA:418,46,1,1
BRDA:420,47,0,1
BRDA:420,47,1,0
BRDA:420,48,0,1
BRDA:420,48,1,1
BRDA:451,49,0,0
BRDA:451,49,1,1
BRDA:463,50,0,0
BRDA:463,50,1,1
BRDA:473,51,0,0
BRDA:473,51,1,0
BRDA:479,52,0,0
BRDA:479,52,1,0
BRDA:494,53,0,0
BRDA:494,53,1,0
BRDA:496,54,0,0
BRDA:496,54,1,0
BRDA:496,55,0,0
BRDA:496,55,1,0
BRDA:514,56,0,0
BRDA:514,56,1,1
BRDA:517,57,0,1
BRDA:517,57,1,0
BRDA:529,58,0,0
BRDA:529,58,1,1
BRDA:541,59,0,0
BRDA:541,59,1,0
BRDA:544,60,0,0
BRDA:544,60,1,0
BRDA:556,61,0,0
BRDA:556,61,1,0
BRDA:569,62,0,0
BRDA:569,62,1,1
BRDA:581,63,0,0
BRDA:581,63,1,1
BRDA:593,64,0,0
BRDA:593,64,1,1
BRDA:605,65,0,0
BRDA:605,65,1,1
BRDA:617,66,0,0
BRDA:617,66,1,1
BRDA:629,67,0,0
BRDA:629,67,1,1
BRDA:641,68,0,0
BRDA:641,68,1,1
BRDA:653,69,0,0
BRDA:653,69,1,1
BRDA:665,70,0,0
BRDA:665,70,1,1
BRDA:678,71,0,0
BRDA:678,71,1,1
BRDA:690,72,0,0
BRDA:690,72,1,1
BRDA:702,73,0,0
BRDA:702,73,1,2
BRDA:722,74,0,0
BRDA:722,74,1,2
BRDA:742,75,0,0
BRDA:742,75,1,0
BRDA:763,76,0,0
BRDA:763,76,1,1
BRDA:775,77,0,0
BRDA:775,77,1,1
BRDA:788,78,0,0
BRDA:788,78,1,1
BRDA:800,79,0,0
BRDA:800,79,1,1
BRF:161
BRH:46
end_of_record
TN:
SF:src\controllers\userController.js
FN:10,(anonymous_0)
FN:34,(anonymous_1)
FN:42,(anonymous_2)
FNF:3
FNH:0
FNDA:0,(anonymous_0)
FNDA:0,(anonymous_1)
FNDA:0,(anonymous_2)
DA:4,8
DA:5,8
DA:6,8
DA:8,8
DA:11,0
DA:12,0
DA:13,0
DA:15,0
DA:16,0
DA:19,0
DA:20,0
DA:23,0
DA:28,0
DA:35,0
DA:36,0
DA:42,0
DA:51,0
DA:53,0
DA:54,0
DA:59,8
LF:20
LH:5
BRDA:12,0,0,0
BRDA:12,0,1,0
BRDA:13,1,0,0
BRDA:13,1,1,0
BRDA:16,2,0,0
BRDA:16,2,1,0
BRDA:19,3,0,0
BRDA:19,3,1,0
BRDA:24,4,0,0
BRDA:24,4,1,0
BRDA:25,5,0,0
BRDA:25,5,1,0
BRDA:37,6,0,0
BRDA:37,6,1,0
BRDA:38,7,0,0
BRDA:38,7,1,0
BRDA:42,8,0,0
BRDA:42,8,1,0
BRDA:44,9,0,0
BRDA:44,9,1,0
BRDA:44,9,2,0
BRDA:45,10,0,0
BRDA:45,10,1,0
BRDA:51,11,0,0
BRDA:51,11,1,0
BRF:25
BRH:0
end_of_record
TN:
SF:src\graphql\authSchema.js
FN:143,mapFieldErrors
FN:145,(anonymous_1)
FN:148,formatAuthError
FN:161,(anonymous_3)
FN:162,(anonymous_4)
FN:163,(anonymous_5)
FN:167,(anonymous_6)
FN:182,(anonymous_7)
FN:193,(anonymous_8)
FN:202,(anonymous_9)
FN:218,(anonymous_10)
FN:234,(anonymous_11)
FN:243,(anonymous_12)
FN:261,(anonymous_13)
FN:270,(anonymous_14)
FN:279,(anonymous_15)
FN:287,(anonymous_16)
FN:296,(anonymous_17)
FN:305,(anonymous_18)
FN:314,(anonymous_19)
FN:323,(anonymous_20)
FN:334,buildContext
FNF:22
FNH:9
FNDA:1,mapFieldErrors
FNDA:1,(anonymous_1)
FNDA:1,formatAuthError
FNDA:0,(anonymous_3)
FNDA:0,(anonymous_4)
FNDA:1,(anonymous_5)
FNDA:1,(anonymous_6)
FNDA:0,(anonymous_7)
FNDA:1,(anonymous_8)
FNDA:0,(anonymous_9)
FNDA:1,(anonymous_10)
FNDA:0,(anonymous_11)
FNDA:1,(anonymous_12)
FNDA:0,(anonymous_13)
FNDA:0,(anonymous_14)
FNDA:0,(anonymous_15)
FNDA:0,(anonymous_16)
FNDA:0,(anonymous_17)
FNDA:0,(anonymous_18)
FNDA:0,(anonymous_19)
FNDA:0,(anonymous_20)
FNDA:1,buildContext
DA:1,13
DA:2,13
DA:3,13
DA:4,13
DA:6,13
DA:144,1
DA:145,1
DA:149,1
DA:159,13
DA:161,0
DA:162,0
DA:164,1
DA:165,1
DA:166,1
DA:167,1
DA:177,1
DA:179,0
DA:183,0
DA:184,0
DA:185,0
DA:186,0
DA:188,0
DA:194,1
DA:195,1
DA:196,1
DA:197,0
DA:199,1
DA:203,0
DA:204,0
DA:205,0
DA:206,0
DA:215,0
DA:219,1
DA:220,1
DA:221,1
DA:222,0
DA:231,1
DA:235,0
DA:236,0
DA:237,0
DA:238,0
DA:240,0
DA:244,1
DA:245,1
DA:247,0
DA:248,0
DA:249,0
DA:250,0
DA:258,0
DA:262,0
DA:263,0
DA:264,0
DA:265,0
DA:267,0
DA:271,0
DA:272,0
DA:273,0
DA:274,0
DA:276,0
DA:280,0
DA:281,0
DA:282,0
DA:284,0
DA:288,0
DA:289,0
DA:290,0
DA:291,0
DA:293,0
DA:297,0
DA:298,0
DA:299,0
DA:300,0
DA:302,0
DA:306,0
DA:307,0
DA:308,0
DA:309,0
DA:311,0
DA:315,0
DA:316,0
DA:317,0
DA:318,0
DA:320,0
DA:324,0
DA:325,0
DA:326,0
DA:327,0
DA:329,0
DA:335,1
DA:338,13
LF:90
LH:26
BRDA:144,0,0,0
BRDA:144,0,1,1
BRDA:151,1,0,1
BRDA:151,1,1,0
BRDA:153,2,0,1
BRDA:153,2,1,1
BRDA:154,3,0,1
BRDA:154,3,1,1
BRDA:155,4,0,1
BRDA:155,4,1,1
BRDA:167,5,0,1
BRDA:167,5,1,0
BRDA:168,6,0,1
BRDA:168,6,1,0
BRDA:172,7,0,1
BRDA:172,7,1,0
BRDA:175,8,0,1
BRDA:175,8,1,0
BRDA:179,9,0,0
BRDA:179,9,1,0
BRDA:188,10,0,0
BRDA:188,10,1,0
BRDA:199,11,0,1
BRDA:199,11,1,0
BRDA:244,12,0,1
BRDA:244,12,1,0
BRDA:258,13,0,0
BRDA:258,13,1,0
BRDA:267,14,0,0
BRDA:267,14,1,0
BRDA:276,15,0,0
BRDA:276,15,1,0
BRDA:284,16,0,0
BRDA:284,16,1,0
BRDA:293,17,0,0
BRDA:293,17,1,0
BRDA:302,18,0,0
BRDA:302,18,1,0
BRDA:311,19,0,0
BRDA:311,19,1,0
BRDA:320,20,0,0
BRDA:320,20,1,0
BRDA:327,21,0,0
BRDA:327,21,1,0
BRDA:329,22,0,0
BRDA:329,22,1,0
BRF:46
BRH:14
end_of_record
TN:
SF:src\middlewares\errorMiddleware.js
FN:14,clientBase
FN:23,wantsJson
FN:38,notFound
FN:60,errorHandler
FNF:4
FNH:4
FNDA:2,clientBase
FNDA:5,wantsJson
FNDA:3,notFound
FNDA:3,errorHandler
DA:11,9
DA:15,2
DA:16,2
DA:17,2
DA:24,5
DA:39,3
DA:40,1
DA:42,2
DA:44,1
DA:45,1
DA:46,1
DA:61,3
DA:62,3
DA:64,2
DA:65,2
DA:67,2
DA:68,1
DA:71,1
DA:72,1
DA:77,9
LF:20
LH:20
BRDA:15,0,0,2
BRDA:15,0,1,0
BRDA:17,1,0,2
BRDA:17,1,1,2
BRDA:17,1,2,0
BRDA:18,2,0,2
BRDA:18,2,1,0
BRDA:18,3,0,2
BRDA:18,3,1,2
BRDA:19,4,0,0
BRDA:19,4,1,0
BRDA:24,5,0,5
BRDA:24,5,1,5
BRDA:24,5,2,3
BRDA:24,5,3,3
BRDA:26,6,0,3
BRDA:26,6,1,3
BRDA:39,7,0,1
BRDA:39,7,1,2
BRDA:42,8,0,1
BRDA:42,8,1,1
BRDA:62,9,0,1
BRDA:62,9,1,2
BRDA:64,10,0,2
BRDA:64,10,1,1
BRDA:64,10,2,0
BRDA:65,11,0,2
BRDA:65,11,1,0
BRDA:67,12,0,1
BRDA:67,12,1,1
BRF:30
BRH:23
end_of_record
TN:
SF:src\middlewares\roleAuth.js
FN:9,(anonymous_0)
FN:58,getUserRole
FN:64,getUserEmail
FN:70,(anonymous_3)
FN:112,(anonymous_4)
FN:150,(anonymous_5)
FN:188,(anonymous_6)
FN:230,(anonymous_7)
FNF:8
FNH:4
FNDA:4,(anonymous_0)
FNDA:2,getUserRole
FNDA:2,getUserEmail
FNDA:0,(anonymous_3)
FNDA:0,(anonymous_4)
FNDA:0,(anonymous_5)
FNDA:14,(anonymous_6)
FNDA:0,(anonymous_7)
DA:2,19
DA:9,19
DA:10,4
DA:12,4
DA:13,2
DA:14,2
DA:16,1
DA:25,1
DA:26,1
DA:27,1
DA:28,1
DA:29,1
DA:30,1
DA:31,1
DA:33,1
DA:36,1
DA:40,2
DA:41,1
DA:49,1
DA:52,1
DA:59,2
DA:60,1
DA:61,0
DA:65,2
DA:66,1
DA:67,0
DA:70,19
DA:72,0
DA:73,0
DA:74,0
DA:75,0
DA:76,0
DA:77,0
DA:78,0
DA:79,0
DA:80,0
DA:81,0
DA:82,0
DA:84,0
DA:86,0
DA:87,0
DA:90,0
DA:91,0
DA:96,0
DA:97,0
DA:98,0
DA:99,0
DA:100,0
DA:101,0
DA:102,0
DA:104,0
DA:105,0
DA:106,0
DA:107,0
DA:109,0
DA:112,19
DA:113,0
DA:114,0
DA:115,0
DA:116,0
DA:117,0
DA:118,0
DA:119,0
DA:120,0
DA:121,0
DA:122,0
DA:124,0
DA:126,0
DA:127,0
DA:129,0
DA:130,0
DA:134,0
DA:135,0
DA:136,0
DA:137,0
DA:138,0
DA:139,0
DA:140,0
DA:142,0
DA:143,0
DA:144,0
DA:145,0
DA:147,0
DA:150,19
DA:151,0
DA:152,0
DA:153,0
DA:154,0
DA:155,0
DA:156,0
DA:157,0
DA:158,0
DA:159,0
DA:160,0
DA:162,0
DA:164,0
DA:165,0
DA:167,0
DA:168,0
DA:172,0
DA:173,0
DA:174,0
DA:175,0
DA:176,0
DA:177,0
DA:178,0
DA:180,0
DA:181,0
DA:182,0
DA:183,0
DA:185,0
DA:188,19
DA:189,14
DA:190,14
DA:191,3
DA:192,3
DA:193,1
DA:194,1
DA:195,1
DA:196,1
DA:197,1
DA:198,1
DA:200,1
DA:202,2
DA:203,1
DA:205,1
DA:206,1
DA:210,11
DA:211,11
DA:212,11
DA:213,11
DA:214,11
DA:215,8
DA:216,1
DA:218,8
DA:219,8
DA:220,8
DA:221,8
DA:222,8
DA:224,3
DA:225,1
DA:227,2
DA:230,19
DA:231,0
DA:232,0
DA:233,0
DA:234,0
DA:235,0
DA:236,0
DA:237,0
DA:238,0
DA:239,0
DA:240,0
DA:242,0
DA:244,0
DA:245,0
DA:247,0
DA:248,0
DA:252,0
DA:253,0
DA:255,0
DA:258,19
LF:162
LH:60
BRDA:12,0,0,2
BRDA:12,0,1,2
BRDA:14,1,0,1
BRDA:14,1,1,1
BRDA:25,2,0,1
BRDA:25,2,1,0
BRDA:40,3,0,1
BRDA:40,3,1,1
BRDA:40,4,0,2
BRDA:40,4,1,2
BRDA:59,5,0,1
BRDA:59,5,1,1
BRDA:59,6,0,2
BRDA:59,6,1,1
BRDA:60,7,0,1
BRDA:60,7,1,0
BRDA:60,8,0,1
BRDA:60,8,1,1
BRDA:65,9,0,1
BRDA:65,9,1,1
BRDA:65,10,0,2
BRDA:65,10,1,1
BRDA:66,11,0,1
BRDA:66,11,1,0
BRDA:66,12,0,1
BRDA:66,12,1,1
BRDA:73,13,0,0
BRDA:73,13,1,0
BRDA:75,14,0,0
BRDA:75,14,1,0
BRDA:75,15,0,0
BRDA:75,15,1,0
BRDA:77,16,0,0
BRDA:77,16,1,0
BRDA:86,17,0,0
BRDA:86,17,1,0
BRDA:86,18,0,0
BRDA:86,18,1,0
BRDA:90,19,0,0
BRDA:90,19,1,0
BRDA:96,20,0,0
BRDA:96,20,1,0
BRDA:96,21,0,0
BRDA:96,21,1,0
BRDA:97,22,0,0
BRDA:97,22,1,0
BRDA:98,23,0,0
BRDA:98,23,1,0
BRDA:100,24,0,0
BRDA:100,24,1,0
BRDA:100,25,0,0
BRDA:100,25,1,0
BRDA:100,25,2,0
BRDA:101,26,0,0
BRDA:101,26,1,0
BRDA:106,27,0,0
BRDA:106,27,1,0
BRDA:114,28,0,0
BRDA:114,28,1,0
BRDA:116,29,0,0
BRDA:116,29,1,0
BRDA:116,30,0,0
BRDA:116,30,1,0
BRDA:118,31,0,0
BRDA:118,31,1,0
BRDA:126,32,0,0
BRDA:126,32,1,0
BRDA:126,33,0,0
BRDA:126,33,1,0
BRDA:129,34,0,0
BRDA:129,34,1,0
BRDA:134,35,0,0
BRDA:134,35,1,0
BRDA:134,36,0,0
BRDA:134,36,1,0
BRDA:135,37,0,0
BRDA:135,37,1,0
BRDA:136,38,0,0
BRDA:136,38,1,0
BRDA:138,39,0,0
BRDA:138,39,1,0
BRDA:138,40,0,0
BRDA:138,40,1,0
BRDA:138,40,2,0
BRDA:139,41,0,0
BRDA:139,41,1,0
BRDA:144,42,0,0
BRDA:144,42,1,0
BRDA:152,43,0,0
BRDA:152,43,1,0
BRDA:154,44,0,0
BRDA:154,44,1,0
BRDA:154,45,0,0
BRDA:154,45,1,0
BRDA:156,46,0,0
BRDA:156,46,1,0
BRDA:164,47,0,0
BRDA:164,47,1,0
BRDA:164,48,0,0
BRDA:164,48,1,0
BRDA:167,49,0,0
BRDA:167,49,1,0
BRDA:172,50,0,0
BRDA:172,50,1,0
BRDA:172,51,0,0
BRDA:172,51,1,0
BRDA:173,52,0,0
BRDA:173,52,1,0
BRDA:174,53,0,0
BRDA:174,53,1,0
BRDA:176,54,0,0
BRDA:176,54,1,0
BRDA:176,55,0,0
BRDA:176,55,1,0
BRDA:176,55,2,0
BRDA:177,56,0,0
BRDA:177,56,1,0
BRDA:182,57,0,0
BRDA:182,57,1,0
BRDA:190,58,0,3
BRDA:190,58,1,11
BRDA:192,59,0,1
BRDA:192,59,1,2
BRDA:192,60,0,3
BRDA:192,60,1,2
BRDA:194,61,0,1
BRDA:194,61,1,0
BRDA:202,62,0,1
BRDA:202,62,1,1
BRDA:202,63,0,2
BRDA:202,63,1,1
BRDA:205,64,0,1
BRDA:205,64,1,0
BRDA:210,65,0,11
BRDA:210,65,1,0
BRDA:211,66,0,11
BRDA:211,66,1,3
BRDA:214,67,0,8
BRDA:214,67,1,3
BRDA:214,68,0,11
BRDA:214,68,1,10
BRDA:214,68,2,8
BRDA:215,69,0,1
BRDA:215,69,1,7
BRDA:220,70,0,8
BRDA:220,70,1,0
BRDA:224,71,0,1
BRDA:224,71,1,2
BRDA:224,72,0,3
BRDA:224,72,1,3
BRDA:232,73,0,0
BRDA:232,73,1,0
BRDA:234,74,0,0
BRDA:234,74,1,0
BRDA:234,75,0,0
BRDA:234,75,1,0
BRDA:234,75,2,0
BRDA:236,76,0,0
BRDA:236,76,1,0
BRDA:244,77,0,0
BRDA:244,77,1,0
BRDA:247,78,0,0
BRDA:247,78,1,0
BRDA:252,79,0,0
BRDA:252,79,1,0
BRDA:252,80,0,0
BRDA:252,80,1,0
BRDA:252,80,2,0
BRF:168
BRH:50
end_of_record
TN:
SF:src\models\OrderFilesModel.js
FN:6,(anonymous_0)
FN:41,(anonymous_1)
FN:55,(anonymous_2)
FNF:3
FNH:0
FNDA:0,(anonymous_0)
FNDA:0,(anonymous_1)
FNDA:0,(anonymous_2)
DA:1,8
DA:2,8
DA:3,8
DA:5,8
DA:7,0
DA:8,0
DA:10,0
DA:11,0
DA:12,0
DA:14,0
DA:17,0
DA:18,0
DA:19,0
DA:20,0
DA:21,0
DA:23,0
DA:24,0
DA:25,0
DA:26,0
DA:27,0
DA:28,0
DA:29,0
DA:30,0
DA:32,0
DA:33,0
DA:34,0
DA:35,0
DA:36,0
DA:37,0
DA:38,0
DA:39,0
DA:41,0
DA:42,0
DA:43,0
DA:44,0
DA:45,0
DA:46,0
DA:47,0
DA:50,0
DA:51,0
DA:52,0
DA:54,0
DA:55,0
DA:56,0
DA:58,0
DA:63,8
LF:46
LH:5
BRDA:6,0,0,0
BRDA:7,1,0,0
BRDA:7,1,1,0
BRDA:8,2,0,0
BRDA:8,2,1,0
BRDA:10,3,0,0
BRDA:10,3,1,0
BRDA:12,4,0,0
BRDA:12,4,1,0
BRDA:26,5,0,0
BRDA:26,5,1,0
BRDA:26,5,2,0
BRDA:27,6,0,0
BRDA:27,6,1,0
BRDA:28,7,0,0
BRDA:28,7,1,0
BRDA:28,8,0,0
BRDA:28,8,1,0
BRDA:29,9,0,0
BRDA:29,9,1,0
BRDA:29,9,2,0
BRDA:41,10,0,0
BRDA:41,10,1,0
BRDA:43,11,0,0
BRDA:43,11,1,0
BRDA:43,12,0,0
BRDA:43,12,1,0
BRDA:44,13,0,0
BRDA:44,13,1,0
BRDA:45,14,0,0
BRDA:45,14,1,0
BRDA:51,15,0,0
BRDA:51,15,1,0
BRF:33
BRH:0
end_of_record
TN:
SF:src\models\Player.js
FN:2,(anonymous_0)
FNF:1
FNH:0
FNDA:0,(anonymous_0)
DA:3,0
DA:4,0
DA:5,0
DA:6,0
DA:7,0
DA:8,0
DA:12,17
LF:7
LH:1
BRF:0
BRH:0
end_of_record
TN:
SF:src\models\StorageModel.js
FN:4,(anonymous_0)
FN:7,(anonymous_1)
FN:10,(anonymous_2)
FNF:3
FNH:0
FNDA:0,(anonymous_0)
FNDA:0,(anonymous_1)
FNDA:0,(anonymous_2)
DA:1,14
DA:3,14
DA:5,0
DA:8,0
DA:11,0
DA:12,0
DA:14,0
DA:18,14
LF:8
LH:3
BRDA:11,0,0,0
BRDA:11,0,1,0
BRF:2
BRH:0
end_of_record
TN:
SF:src\models\Team.js
FN:2,(anonymous_0)
FNF:1
FNH:0
FNDA:0,(anonymous_0)
DA:3,0
DA:4,0
DA:5,0
DA:6,0
DA:7,0
DA:8,0
DA:9,0
DA:10,0
DA:14,17
LF:9
LH:1
BRF:0
BRH:0
end_of_record
TN:
SF:src\models\TokenModel.js
FN:9,(anonymous_0)
FN:21,(anonymous_1)
FN:26,(anonymous_2)
FN:34,(anonymous_3)
FN:42,(anonymous_4)
FNF:5
FNH:0
FNDA:0,(anonymous_0)
FNDA:0,(anonymous_1)
FNDA:0,(anonymous_2)
FNDA:0,(anonymous_3)
FNDA:0,(anonymous_4)
DA:5,8
DA:7,8
DA:10,0
DA:22,0
DA:27,0
DA:35,0
DA:43,0
DA:50,8
LF:8
LH:3
BRF:0
BRH:0
end_of_record
TN:
SF:src\models\TournamentModel.js
FN:8,(anonymous_0)
FN:13,(anonymous_1)
FN:24,(anonymous_2)
FN:30,(anonymous_3)
FN:35,(anonymous_4)
FN:40,(anonymous_5)
FN:45,(anonymous_6)
FN:50,(anonymous_7)
FN:55,(anonymous_8)
FN:61,(anonymous_9)
FN:70,(anonymous_10)
FN:76,(anonymous_11)
FN:81,(anonymous_12)
FN:86,(anonymous_13)
FNF:14
FNH:0
FNDA:0,(anonymous_0)
FNDA:0,(anonymous_1)
FNDA:0,(anonymous_2)
FNDA:0,(anonymous_3)
FNDA:0,(anonymous_4)
FNDA:0,(anonymous_5)
FNDA:0,(anonymous_6)
FNDA:0,(anonymous_7)
FNDA:0,(anonymous_8)
FNDA:0,(anonymous_9)
FNDA:0,(anonymous_10)
FNDA:0,(anonymous_11)
FNDA:0,(anonymous_12)
FNDA:0,(anonymous_13)
DA:4,8
DA:6,8
DA:9,0
DA:14,0
DA:15,0
DA:16,0
DA:17,0
DA:18,0
DA:19,0
DA:20,0
DA:25,0
DA:26,0
DA:31,0
DA:36,0
DA:41,0
DA:46,0
DA:51,0
DA:56,0
DA:57,0
DA:62,0
DA:63,0
DA:71,0
DA:72,0
DA:77,0
DA:82,0
DA:87,0
DA:91,8
LF:27
LH:3
BRDA:8,0,0,0
BRDA:13,1,0,0
BRDA:13,2,0,0
BRDA:16,3,0,0
BRDA:16,3,1,0
BRDA:17,4,0,0
BRDA:17,4,1,0
BRDA:18,5,0,0
BRDA:18,5,1,0
BRDA:19,6,0,0
BRDA:19,6,1,0
BRDA:25,7,0,0
BRDA:25,7,1,0
BRDA:56,8,0,0
BRDA:56,8,1,0
BRDA:61,9,0,0
BRDA:62,10,0,0
BRDA:62,10,1,0
BRDA:62,11,0,0
BRDA:62,11,1,0
BRDA:71,12,0,0
BRDA:71,12,1,0
BRDA:81,13,0,0
BRDA:86,14,0,0
BRF:24
BRH:0
end_of_record
TN:
SF:src\models\UserModel.js
FN:9,(anonymous_0)
FN:13,(anonymous_1)
FN:18,(anonymous_2)
FN:24,(anonymous_3)
FN:30,(anonymous_4)
FN:35,(anonymous_5)
FN:43,(anonymous_6)
FN:54,(anonymous_7)
FN:59,(anonymous_8)
FN:64,(anonymous_9)
FN:69,(anonymous_10)
FN:74,(anonymous_11)
FN:82,(anonymous_12)
FN:104,(anonymous_13)
FNF:14
FNH:0
FNDA:0,(anonymous_0)
FNDA:0,(anonymous_1)
FNDA:0,(anonymous_2)
FNDA:0,(anonymous_3)
FNDA:0,(anonymous_4)
FNDA:0,(anonymous_5)
FNDA:0,(anonymous_6)
FNDA:0,(anonymous_7)
FNDA:0,(anonymous_8)
FNDA:0,(anonymous_9)
FNDA:0,(anonymous_10)
FNDA:0,(anonymous_11)
FNDA:0,(anonymous_12)
FNDA:0,(anonymous_13)
DA:5,8
DA:6,8
DA:8,8
DA:9,8
DA:11,8
DA:14,0
DA:19,0
DA:20,0
DA:25,0
DA:26,0
DA:31,0
DA:36,0
DA:37,0
DA:38,0
DA:39,0
DA:44,0
DA:45,0
DA:46,0
DA:47,0
DA:48,0
DA:49,0
DA:50,0
DA:55,0
DA:60,0
DA:65,0
DA:70,0
DA:75,0
DA:83,0
DA:84,0
DA:85,0
DA:87,0
DA:88,0
DA:92,0
DA:93,0
DA:94,0
DA:98,0
DA:100,0
DA:105,0
DA:106,0
DA:107,0
DA:111,8
LF:41
LH:6
BRDA:9,0,0,0
BRDA:9,0,1,0
BRDA:19,1,0,0
BRDA:19,1,1,0
BRDA:25,2,0,0
BRDA:25,2,1,0
BRDA:35,3,0,0
BRDA:35,4,0,0
BRDA:36,5,0,0
BRDA:38,6,0,0
BRDA:38,6,1,0
BRDA:43,7,0,0
BRDA:43,8,0,0
BRDA:46,9,0,0
BRDA:46,9,1,0
BRDA:47,10,0,0
BRDA:47,10,1,0
BRDA:48,11,0,0
BRDA:48,11,1,0
BRDA:49,12,0,0
BRDA:49,12,1,0
BRDA:69,13,0,0
BRDA:74,14,0,0
BRDA:84,15,0,0
BRDA:84,15,1,0
BRDA:84,16,0,0
BRDA:84,16,1,0
BRDA:85,17,0,0
BRDA:85,17,1,0
BRDA:85,18,0,0
BRDA:85,18,1,0
BRDA:87,19,0,0
BRDA:87,19,1,0
BRDA:92,20,0,0
BRDA:92,20,1,0
BRDA:105,21,0,0
BRDA:105,21,1,0
BRDA:106,22,0,0
BRDA:106,22,1,0
BRDA:107,23,0,0
BRDA:107,23,1,0
BRDA:107,23,2,0
BRF:42
BRH:0
end_of_record
TN:
SF:src\models\collectionBase.js
FN:1,(anonymous_0)
FN:2,(anonymous_1)
FN:5,(anonymous_2)
FN:15,(anonymous_3)
FN:18,(anonymous_4)
FN:21,(anonymous_5)
FN:24,(anonymous_6)
FN:27,(anonymous_7)
FN:30,(anonymous_8)
FN:33,(anonymous_9)
FN:36,(anonymous_10)
FNF:11
FNH:1
FNDA:239,(anonymous_0)
FNDA:0,(anonymous_1)
FNDA:0,(anonymous_2)
FNDA:0,(anonymous_3)
FNDA:0,(anonymous_4)
FNDA:0,(anonymous_5)
FNDA:0,(anonymous_6)
FNDA:0,(anonymous_7)
FNDA:0,(anonymous_8)
FNDA:0,(anonymous_9)
FNDA:0,(anonymous_10)
DA:1,239
DA:3,0
DA:6,0
DA:7,0
DA:8,0
DA:9,0
DA:10,0
DA:11,0
DA:12,0
DA:13,0
DA:16,0
DA:19,0
DA:22,0
DA:25,0
DA:28,0
DA:31,0
DA:34,0
DA:37,0
DA:41,8
LF:19
LH:2
BRDA:5,0,0,0
BRDA:5,1,0,0
BRDA:6,2,0,0
BRDA:6,2,1,0
BRDA:8,3,0,0
BRDA:8,3,1,0
BRDA:9,4,0,0
BRDA:9,4,1,0
BRDA:10,5,0,0
BRDA:10,5,1,0
BRDA:11,6,0,0
BRDA:11,6,1,0
BRDA:12,7,0,0
BRDA:12,7,1,0
BRDA:33,8,0,0
BRDA:36,9,0,0
BRF:16
BRH:0
end_of_record
TN:
SF:src\models\index.js
FN:16,(anonymous_0)
FNF:1
FNH:1
FNDA:1050,(anonymous_0)
DA:1,8
DA:2,8
DA:3,8
DA:4,8
DA:6,8
DA:10,8
DA:16,8
DA:17,1050
DA:18,0
DA:20,1050
DA:21,1050
DA:22,0
DA:25,1050
DA:27,740
DA:28,239
DA:30,740
DA:33,8
LF:17
LH:15
BRDA:17,0,0,0
BRDA:17,0,1,1050
BRDA:17,1,0,1050
BRDA:17,1,1,1050
BRDA:21,2,0,0
BRDA:21,2,1,1050
BRDA:25,3,0,310
BRDA:25,3,1,740
BRDA:27,4,0,239
BRDA:27,4,1,501
BRF:10
BRH:8
end_of_record
TN:
SF:src\routes\adminRoutes.js
FNF:0
FNH:0
DA:1,8
DA:2,8
DA:3,8
DA:5,8
DA:30,8
DA:46,8
DA:74,8
DA:90,8
DA:111,8
DA:130,8
DA:146,8
DA:165,8
DA:184,8
DA:206,8
DA:222,8
DA:243,8
DA:262,8
DA:281,8
DA:297,8
DA:316,8
DA:335,8
DA:357,8
DA:379,8
DA:402,8
DA:416,8
DA:430,8
DA:432,8
LF:27
LH:27
BRF:0
BRH:0
end_of_record
TN:
SF:src\routes\authRoutes.js
FNF:0
FNH:0
DA:1,8
DA:2,8
DA:3,8
DA:4,8
DA:5,8
DA:48,8
DA:72,8
DA:102,8
DA:127,8
DA:173,8
DA:192,8
DA:215,8
DA:242,8
DA:258,8
DA:287,8
DA:312,8
DA:336,8
DA:361,8
DA:386,8
DA:400,8
DA:444,8
DA:445,8
DA:448,8
LF:23
LH:23
BRF:0
BRH:0
end_of_record
TN:
SF:src\routes\chatRoutes.js
FNF:0
FNH:0
DA:1,8
DA:2,8
DA:3,8
DA:45,8
DA:68,8
DA:101,8
DA:103,8
LF:7
LH:7
BRF:0
BRH:0
end_of_record
TN:
SF:src\routes\coordinatorRoutes.js
FNF:0
FNH:0
DA:1,8
DA:2,8
DA:3,8
DA:5,8
DA:48,8
DA:49,8
DA:81,8
DA:82,8
DA:98,8
DA:112,8
DA:126,8
DA:140,8
DA:170,8
DA:171,8
DA:192,8
DA:193,8
DA:232,8
DA:277,8
DA:278,8
DA:279,8
DA:280,8
DA:306,8
DA:325,8
DA:348,8
DA:372,8
DA:373,8
DA:395,8
DA:396,8
DA:415,8
DA:431,8
DA:463,8
DA:464,8
DA:483,8
DA:499,8
DA:513,8
DA:545,8
DA:546,8
DA:565,8
DA:581,8
DA:600,8
DA:619,8
DA:633,8
DA:652,8
DA:666,8
DA:680,8
DA:699,8
DA:733,8
[...]
FN:10,(anonymous_2)
FN:19,(anonymous_3)
FNF:4
FNH:0
FNDA:0,(anonymous_0)
FNDA:0,(anonymous_1)
FNDA:0,(anonymous_2)
FNDA:0,(anonymous_3)
DA:1,6
DA:2,6
DA:3,6
DA:4,6
DA:6,6
DA:7,6
DA:9,6
DA:11,0
DA:12,0
DA:13,0
DA:19,0
DA:37,6
LF:12
LH:8
BRDA:7,0,0,0
BRDA:7,0,1,0
BRDA:19,1,0,0
BRDA:19,1,1,0
BRDA:20,2,0,0
BRDA:20,2,1,0
BRDA:24,3,0,0
BRDA:24,3,1,0
BRF:8
BRH:0
end_of_record
TN:
SF:src\services\player\subscriptionService.js
FN:9,(anonymous_0)
FN:10,(anonymous_1)
FN:13,(anonymous_2)
FN:43,(anonymous_3)
FN:111,(anonymous_4)
FN:120,(anonymous_5)
FN:123,(anonymous_6)
FNF:7
FNH:0
FNDA:0,(anonymous_0)
FNDA:0,(anonymous_1)
FNDA:0,(anonymous_2)
FNDA:0,(anonymous_3)
FNDA:0,(anonymous_4)
FNDA:0,(anonymous_5)
FNDA:0,(anonymous_6)
DA:1,8
DA:2,8
DA:3,8
DA:4,8
DA:5,8
DA:6,8
DA:7,8
DA:9,8
DA:10,8
DA:12,8
DA:14,0
DA:15,0
DA:16,0
DA:22,0
DA:24,0
DA:25,0
DA:28,0
DA:29,0
DA:30,0
DA:31,0
DA:32,0
DA:33,0
DA:37,0
DA:44,0
DA:45,0
DA:46,0
DA:47,0
DA:50,0
DA:51,0
DA:57,0
DA:58,0
DA:61,0
DA:62,0
DA:63,0
DA:65,0
DA:66,0
DA:69,0
DA:74,0
DA:76,0
DA:77,0
DA:78,0
DA:80,0
DA:88,0
DA:95,0
DA:103,0
DA:104,0
DA:112,0
DA:113,0
DA:114,0
DA:120,0
DA:124,0
DA:125,0
DA:126,0
DA:128,0
DA:129,0
DA:130,0
DA:132,0
DA:133,0
DA:134,0
DA:136,0
DA:137,0
DA:139,0
DA:140,0
DA:141,0
DA:143,0
DA:144,0
DA:145,0
DA:146,0
DA:147,0
DA:148,0
DA:149,0
DA:150,0
DA:151,0
DA:154,0
DA:160,0
DA:168,0
DA:172,8
LF:77
LH:11
BRDA:10,0,0,0
BRDA:10,0,1,0
BRDA:24,1,0,0
BRDA:24,1,1,0
BRDA:29,2,0,0
BRDA:29,2,1,0
BRDA:31,3,0,0
BRDA:31,3,1,0
BRDA:38,4,0,0
BRDA:38,4,1,0
BRDA:39,5,0,0
BRDA:39,5,1,0
BRDA:45,6,0,0
BRDA:45,6,1,0
BRDA:46,7,0,0
BRDA:46,7,1,0
BRDA:46,8,0,0
BRDA:46,8,1,0
BRDA:57,9,0,0
BRDA:57,9,1,0
BRDA:62,10,0,0
BRDA:62,10,1,0
BRDA:65,11,0,0
BRDA:65,11,1,0
BRDA:125,12,0,0
BRDA:125,12,1,0
BRDA:126,13,0,0
BRDA:126,13,1,0
BRDA:130,14,0,0
BRDA:130,14,1,0
BRDA:134,15,0,0
BRDA:134,15,1,0
BRDA:137,16,0,0
BRDA:137,16,1,0
BRDA:139,17,0,0
BRDA:139,17,1,0
BRDA:141,18,0,0
BRDA:141,18,1,0
BRDA:143,19,0,0
BRDA:143,19,1,0
BRDA:145,20,0,0
BRDA:145,20,1,0
BRDA:146,21,0,0
BRDA:146,21,1,0
BRDA:149,22,0,0
BRDA:149,22,1,0
BRF:46
BRH:0
end_of_record
TN:
SF:src\services\player\tournamentsService.js
FN:15,(anonymous_0)
FN:16,(anonymous_1)
FN:19,(anonymous_2)
FN:38,(anonymous_3)
FN:41,(anonymous_4)
FN:49,(anonymous_5)
FN:82,(anonymous_6)
FN:100,(anonymous_7)
FN:155,(anonymous_8)
FN:206,(anonymous_9)
FN:207,(anonymous_10)
FN:263,(anonymous_11)
FN:272,(anonymous_12)
FN:319,(anonymous_13)
FN:370,(anonymous_14)
FN:418,(anonymous_15)
FN:444,(anonymous_16)
FN:455,(anonymous_17)
FN:477,(anonymous_18)
FNF:19
FNH:9
FNDA:3,(anonymous_0)
FNDA:3,(anonymous_1)
FNDA:2,(anonymous_2)
FNDA:1,(anonymous_3)
FNDA:1,(anonymous_4)
FNDA:0,(anonymous_5)
FNDA:0,(anonymous_6)
FNDA:2,(anonymous_7)
FNDA:0,(anonymous_8)
FNDA:0,(anonymous_9)
FNDA:0,(anonymous_10)
FNDA:0,(anonymous_11)
FNDA:0,(anonymous_12)
FNDA:0,(anonymous_13)
FNDA:0,(anonymous_14)
FNDA:0,(anonymous_15)
FNDA:1,(anonymous_16)
FNDA:2,(anonymous_17)
FNDA:2,(anonymous_18)
DA:1,12
DA:2,12
DA:3,12
DA:4,12
DA:5,12
DA:6,12
DA:7,12
DA:8,12
DA:9,12
DA:10,12
DA:11,12
DA:12,12
DA:13,12
DA:15,12
DA:16,12
DA:18,12
DA:20,2
DA:21,2
DA:22,2
DA:23,2
DA:24,1
DA:26,1
DA:28,1
DA:29,1
DA:32,1
DA:33,1
DA:38,1
DA:41,1
DA:43,1
DA:49,1
DA:54,1
DA:82,1
DA:88,1
DA:90,1
DA:101,2
DA:102,2
DA:103,1
DA:105,0
DA:106,0
DA:107,0
DA:108,0
DA:110,0
DA:111,0
DA:112,0
DA:113,0
DA:116,0
DA:117,0
DA:118,0
DA:121,0
DA:122,0
DA:124,0
DA:125,0
DA:126,0
DA:127,0
DA:129,0
DA:136,0
DA:137,0
DA:140,0
DA:147,0
DA:148,0
DA:156,0
DA:157,0
DA:158,0
DA:159,0
DA:162,0
DA:163,0
DA:164,0
DA:165,0
DA:166,0
DA:169,0
DA:170,0
DA:171,0
DA:174,0
DA:175,0
DA:176,0
DA:177,0
DA:179,0
DA:181,0
DA:182,0
DA:185,0
DA:186,0
DA:189,0
DA:190,0
DA:191,0
DA:194,0
DA:195,0
DA:196,0
DA:199,0
DA:205,0
DA:206,0
DA:207,0
DA:208,0
DA:211,0
DA:219,0
DA:220,0
DA:223,0
DA:224,0
DA:225,0
DA:226,0
DA:227,0
DA:230,0
DA:231,0
DA:237,0
DA:238,0
DA:241,0
DA:256,0
DA:257,0
DA:258,0
DA:260,0
DA:262,0
DA:263,0
DA:265,0
DA:273,0
DA:274,0
DA:275,0
DA:278,0
DA:279,0
DA:280,0
DA:281,0
DA:284,0
DA:285,0
DA:286,0
DA:289,0
DA:290,0
DA:291,0
DA:292,0
DA:293,0
DA:294,0
DA:295,0
DA:297,0
DA:300,0
DA:308,0
DA:310,0
DA:316,0
DA:320,0
DA:321,0
DA:323,0
DA:324,0
DA:325,0
DA:327,0
DA:328,0
DA:330,0
DA:331,0
DA:334,0
DA:335,0
DA:339,0
DA:340,0
DA:341,0
DA:348,0
DA:349,0
DA:350,0
DA:361,0
DA:367,0
DA:371,0
DA:372,0
DA:374,0
DA:375,0
DA:376,0
DA:378,0
DA:379,0
DA:381,0
DA:382,0
DA:385,0
DA:386,0
DA:390,0
DA:391,0
DA:392,0
DA:399,0
DA:409,0
DA:415,0
DA:419,0
DA:420,0
DA:421,0
DA:422,0
DA:423,0
DA:426,0
DA:427,0
DA:428,0
DA:430,0
DA:431,0
DA:433,0
DA:441,0
DA:445,1
DA:446,1
DA:447,1
DA:453,1
DA:455,2
DA:458,1
DA:459,1
DA:460,1
DA:461,1
DA:462,1
DA:463,1
DA:464,1
DA:465,1
DA:473,1
DA:477,2
DA:490,1
DA:494,12
LF:199
LH:54
BRDA:16,0,0,3
BRDA:16,0,1,0
BRDA:23,1,0,1
BRDA:23,1,1,1
BRDA:26,2,0,1
BRDA:26,2,1,0
BRDA:26,2,2,0
BRDA:29,3,0,1
BRDA:29,3,1,0
BRDA:41,4,0,1
BRDA:41,4,1,0
BRDA:49,5,0,1
BRDA:49,5,1,0
BRDA:51,6,0,0
BRDA:51,6,1,0
BRDA:82,7,0,1
BRDA:82,7,1,0
BRDA:84,8,0,0
BRDA:84,8,1,0
BRDA:85,9,0,0
BRDA:85,9,1,0
BRDA:91,10,0,1
BRDA:91,10,1,0
BRDA:92,11,0,1
BRDA:92,11,1,0
BRDA:93,12,0,1
BRDA:93,12,1,0
BRDA:96,13,0,1
BRDA:96,13,1,0
BRDA:102,14,0,1
BRDA:102,14,1,1
BRDA:103,15,0,1
BRDA:103,15,1,0
BRDA:107,16,0,0
BRDA:107,16,1,0
BRDA:108,17,0,0
BRDA:108,17,1,0
BRDA:108,17,2,0
BRDA:111,18,0,0
BRDA:111,18,1,0
BRDA:112,19,0,0
BRDA:112,19,1,0
BRDA:112,20,0,0
BRDA:112,20,1,0
BRDA:117,21,0,0
BRDA:117,21,1,0
BRDA:117,22,0,0
BRDA:117,22,1,0
BRDA:117,22,2,0
BRDA:122,23,0,0
BRDA:122,23,1,0
BRDA:125,24,0,0
BRDA:125,24,1,0
BRDA:126,25,0,0
BRDA:126,25,1,0
BRDA:127,26,0,0
BRDA:127,26,1,0
BRDA:136,27,0,0
BRDA:136,27,1,0
BRDA:143,28,0,0
BRDA:143,28,1,0
BRDA:144,29,0,0
BRDA:144,29,1,0
BRDA:151,30,0,0
BRDA:151,30,1,0
BRDA:157,31,0,0
BRDA:157,31,1,0
BRDA:158,32,0,0
BRDA:158,32,1,0
BRDA:158,33,0,0
BRDA:158,33,1,0
BRDA:158,33,2,0
BRDA:158,33,3,0
BRDA:162,34,0,0
BRDA:162,34,1,0
BRDA:163,35,0,0
BRDA:163,35,1,0
BRDA:164,36,0,0
BRDA:164,36,1,0
BRDA:165,37,0,0
BRDA:165,37,1,0
BRDA:165,38,0,0
BRDA:165,38,1,0
BRDA:165,38,2,0
BRDA:170,39,0,0
BRDA:170,39,1,0
BRDA:176,40,0,0
BRDA:176,40,1,0
BRDA:179,41,0,0
BRDA:179,41,1,0
BRDA:179,41,2,0
BRDA:181,42,0,0
BRDA:181,42,1,0
BRDA:185,43,0,0
BRDA:185,43,1,0
BRDA:190,44,0,0
BRDA:190,44,1,0
BRDA:194,45,0,0
BRDA:194,45,1,0
BRDA:195,46,0,0
BRDA:195,46,1,0
BRDA:205,47,0,0
BRDA:205,47,1,0
BRDA:219,48,0,0
BRDA:219,48,1,0
BRDA:224,49,0,0
BRDA:224,49,1,0
BRDA:225,50,0,0
BRDA:225,50,1,0
BRDA:226,51,0,0
BRDA:226,51,1,0
BRDA:230,52,0,0
BRDA:230,52,1,0
BRDA:237,53,0,0
BRDA:237,53,1,0
BRDA:248,54,0,0
BRDA:248,54,1,0
BRDA:249,55,0,0
BRDA:249,55,1,0
BRDA:250,56,0,0
BRDA:250,56,1,0
BRDA:256,57,0,0
BRDA:256,57,1,0
BRDA:256,57,2,0
BRDA:257,58,0,0
BRDA:257,58,1,0
BRDA:258,59,0,0
BRDA:258,59,1,0
BRDA:262,60,0,0
BRDA:262,60,1,0
BRDA:274,61,0,0
BRDA:274,61,1,0
BRDA:280,62,0,0
BRDA:280,62,1,0
BRDA:285,63,0,0
BRDA:285,63,1,0
BRDA:290,64,0,0
BRDA:290,64,1,0
BRDA:292,65,0,0
BRDA:292,65,1,0
BRDA:294,66,0,0
BRDA:294,66,1,0
BRDA:303,67,0,0
BRDA:303,67,1,0
BRDA:303,68,0,0
BRDA:303,68,1,0
BRDA:303,68,2,0
BRDA:303,68,3,0
BRDA:303,68,4,0
BRDA:303,68,5,0
BRDA:308,69,0,0
BRDA:308,69,1,0
BRDA:321,70,0,0
BRDA:321,70,1,0
BRDA:325,71,0,0
BRDA:325,71,1,0
BRDA:328,72,0,0
BRDA:328,72,1,0
BRDA:330,73,0,0
BRDA:330,73,1,0
BRDA:334,74,0,0
BRDA:334,74,1,0
BRDA:340,75,0,0
BRDA:340,75,1,0
BRDA:340,76,0,0
BRDA:340,76,1,0
BRDA:340,77,0,0
BRDA:340,77,1,0
BRDA:349,78,0,0
BRDA:349,78,1,0
BRDA:353,79,0,0
BRDA:353,79,1,0
BRDA:372,80,0,0
BRDA:372,80,1,0
BRDA:376,81,0,0
BRDA:376,81,1,0
BRDA:379,82,0,0
BRDA:379,82,1,0
BRDA:381,83,0,0
BRDA:381,83,1,0
BRDA:385,84,0,0
BRDA:385,84,1,0
BRDA:391,85,0,0
BRDA:391,85,1,0
BRDA:391,86,0,0
BRDA:391,86,1,0
BRDA:391,87,0,0
BRDA:391,87,1,0
BRDA:402,88,0,0
BRDA:402,88,1,0
BRDA:420,89,0,0
BRDA:420,89,1,0
BRDA:421,90,0,0
BRDA:421,90,1,0
BRDA:421,91,0,0
BRDA:421,91,1,0
BRDA:422,92,0,0
BRDA:422,92,1,0
BRDA:428,93,0,0
BRDA:428,93,1,0
BRDA:431,94,0,0
BRDA:431,94,1,0
BRDA:437,95,0,0
BRDA:437,95,1,0
BRDA:461,96,0,1
BRDA:461,96,1,0
BRDA:463,97,0,1
BRDA:463,97,1,0
BRDA:464,98,0,1
BRDA:464,98,1,0
BRDA:467,99,0,1
BRDA:467,99,1,0
BRDA:468,100,0,1
BRDA:468,100,1,0
BRDA:469,101,0,1
BRDA:469,101,1,0
BRDA:481,102,0,2
BRDA:481,102,1,2
BRDA:484,103,0,2
BRDA:484,103,1,2
BRDA:484,103,2,2
BRDA:485,104,0,2
BRDA:485,104,1,2
BRDA:486,105,0,2
BRDA:486,105,1,0
BRDA:487,106,0,2
BRDA:487,106,1,1
BRF:227
BRH:31
end_of_record
TN:
SF:src\services\player\walletService.js
FN:8,(anonymous_0)
FN:9,(anonymous_1)
FN:12,(anonymous_2)
FN:57,(anonymous_3)
FNF:4
FNH:0
FNDA:0,(anonymous_0)
FNDA:0,(anonymous_1)
FNDA:0,(anonymous_2)
FNDA:0,(anonymous_3)
DA:1,8
DA:2,8
DA:3,8
DA:4,8
DA:5,8
DA:6,8
DA:8,8
DA:9,8
DA:11,8
DA:13,0
DA:14,0
DA:15,0
DA:16,0
DA:17,0
DA:18,0
DA:20,0
DA:21,0
DA:24,0
DA:25,0
DA:26,0
DA:27,0
DA:30,0
DA:31,0
DA:32,0
DA:33,0
DA:35,0
DA:36,0
DA:37,0
DA:40,0
DA:41,0
DA:48,0
DA:49,0
DA:52,0
DA:54,0
DA:58,0
DA:59,0
DA:60,0
DA:61,0
DA:62,0
DA:65,0
DA:71,0
DA:75,8
LF:42
LH:10
BRDA:9,0,0,0
BRDA:9,0,1,0
BRDA:17,1,0,0
BRDA:17,1,1,0
BRDA:17,2,0,0
BRDA:17,2,1,0
BRDA:20,3,0,0
BRDA:20,3,1,0
BRDA:26,4,0,0
BRDA:26,4,1,0
BRDA:31,5,0,0
BRDA:31,5,1,0
BRDA:32,6,0,0
BRDA:32,6,1,0
BRDA:35,7,0,0
BRDA:35,7,1,0
BRDA:48,8,0,0
BRDA:48,8,1,0
BRDA:48,9,0,0
BRDA:48,9,1,0
BRDA:61,10,0,0
BRDA:61,10,1,0
BRF:22
BRH:0
end_of_record
TN:
SF:src\tests\mocks\fakeRedisClient.js
FN:1,createFakeRedisClient
FN:12,(anonymous_1)
FN:14,(anonymous_2)
FN:23,(anonymous_3)
FN:27,(anonymous_4)
FN:32,(anonymous_5)
FN:43,(anonymous_6)
FN:53,(anonymous_7)
FN:59,(anonymous_8)
FN:64,(anonymous_9)
FN:70,(anonymous_10)
FN:74,(anonymous_11)
FNF:12
FNH:8
FNDA:10,createFakeRedisClient
FNDA:0,(anonymous_1)
FNDA:2,(anonymous_2)
FNDA:18,(anonymous_3)
FNDA:10,(anonymous_4)
FNDA:2,(anonymous_5)
FNDA:10,(anonymous_6)
FNDA:1,(anonymous_7)
FNDA:10,(anonymous_8)
FNDA:0,(anonymous_9)
FNDA:0,(anonymous_10)
FNDA:0,(anonymous_11)
DA:2,10
DA:3,10
DA:5,10
DA:6,10
DA:8,10
DA:15,2
DA:16,2
DA:17,2
DA:19,0
DA:20,0
DA:24,18
DA:28,10
DA:29,10
DA:33,2
DA:34,2
DA:35,3
DA:36,3
DA:38,3
DA:40,2
DA:44,10
DA:45,10
DA:46,10
DA:47,10
DA:48,10
DA:49,10
DA:50,10
DA:54,1
DA:55,1
DA:56,1
DA:61,10
DA:65,0
DA:66,0
DA:67,0
DA:71,0
DA:74,0
DA:79,10
DA:82,6
LF:37
LH:30
BRDA:1,0,0,0
BRDA:2,1,0,10
BRDA:2,1,1,0
BRDA:15,2,0,2
BRDA:15,2,1,0
BRDA:24,3,0,6
BRDA:24,3,1,12
BRDA:36,4,0,2
BRDA:36,4,1,1
BRDA:38,5,0,1
BRDA:38,5,1,2
BRDA:46,6,0,10
BRDA:46,6,1,8
BRDA:50,7,0,10
BRDA:50,7,1,0
BRDA:56,8,0,1
BRDA:56,8,1,0
BRF:17
BRH:12
end_of_record
TN:
SF:src\utils\cache.js
FN:5,nowMs
FN:9,timeoutAfter
FN:10,(anonymous_2)
FN:11,(anonymous_3)
FN:16,withTimeout
FN:20,log
FN:31,ensureRedisConnected
FN:39,(anonymous_7)
FN:43,(anonymous_8)
FN:58,isRedisReady
FN:62,parseJson
FN:71,setCacheHeaders
FN:87,getJson
FN:126,setJson
FN:155,(anonymous_14)
FN:159,(anonymous_15)
FN:161,(anonymous_16)
FN:169,delKeys
FN:195,invalidateTags
FN:196,(anonymous_19)
FN:240,cacheAsideJson
FNF:21
FNH:19
FNDA:120,nowMs
FNDA:53,timeoutAfter
FNDA:53,(anonymous_2)
FNDA:7,(anonymous_3)
FNDA:53,withTimeout
FNDA:26,log
FNDA:2,ensureRedisConnected
FNDA:2,(anonymous_7)
FNDA:2,(anonymous_8)
FNDA:28,isRedisReady
FNDA:6,parseJson
FNDA:22,setCacheHeaders
FNDA:22,getJson
FNDA:10,setJson
FNDA:10,(anonymous_14)
FNDA:0,(anonymous_15)
FNDA:0,(anonymous_16)
FNDA:1,delKeys
FNDA:1,invalidateTags
FNDA:1,(anonymous_19)
FNDA:22,cacheAsideJson
DA:1,11
DA:2,11
DA:3,11
DA:6,120
DA:10,53
DA:11,53
DA:12,53
DA:17,53
DA:21,26
DA:22,0
DA:23,0
DA:24,0
DA:30,11
DA:32,2
DA:33,2
DA:34,2
DA:36,2
DA:38,2
DA:40,2
DA:41,2
DA:44,2
DA:49,2
DA:50,2
DA:55,2
DA:59,28
DA:63,6
DA:64,6
DA:65,6
DA:67,0
DA:72,22
DA:73,19
DA:74,19
DA:75,19
DA:76,19
DA:77,19
DA:78,19
DA:79,19
DA:80,13
DA:81,4
DA:88,22
DA:89,22
DA:91,22
DA:92,2
DA:95,20
DA:97,2
DA:98,2
DA:101,18
DA:102,18
DA:103,18
DA:104,12
DA:107,6
DA:108,6
DA:110,0
DA:111,0
DA:115,6
DA:116,0
DA:119,6
DA:121,0
DA:122,0
DA:127,10
DA:128,10
DA:130,10
DA:131,0
DA:132,0
DA:136,10
DA:137,10
DA:138,10
DA:140,0
DA:143,0
DA:144,0
DA:147,10
DA:148,10
DA:150,0
DA:151,0
DA:154,10
DA:155,10
DA:156,10
DA:157,10
DA:158,10
DA:159,10
DA:161,10
DA:163,10
DA:166,10
DA:170,1
DA:172,1
DA:173,0
DA:174,0
DA:177,1
DA:178,1
DA:180,1
DA:181,1
DA:182,1
DA:183,1
DA:184,1
DA:185,1
DA:186,1
DA:188,0
DA:192,1
DA:196,1
DA:197,1
DA:199,1
DA:200,0
DA:201,0
DA:202,0
DA:205,1
DA:206,1
DA:207,1
DA:209,1
DA:210,1
DA:211,1
DA:212,1
DA:213,1
DA:214,2
DA:216,0
DA:220,1
DA:221,1
DA:224,1
DA:225,1
DA:226,1
DA:230,1
DA:231,1
DA:232,1
DA:233,1
DA:234,1
DA:237,1
DA:241,22
DA:242,22
DA:244,22
DA:245,22
DA:246,6
DA:247,6
DA:248,6
DA:249,6
DA:252,16
DA:253,16
DA:254,16
DA:256,16
DA:257,16
DA:258,3
DA:259,3
DA:265,16
DA:266,16
DA:268,16
DA:269,10
DA:272,16
DA:273,16
DA:284,16
DA:286,16
DA:287,16
DA:288,16
DA:290,16
DA:293,11
LF:152
LH:129
BRDA:9,0,0,0
BRDA:12,1,0,53
BRDA:12,1,1,0
BRDA:12,2,0,53
BRDA:12,2,1,53
BRDA:21,3,0,26
BRDA:21,3,1,0
BRDA:23,4,0,0
BRDA:23,4,1,0
BRDA:32,5,0,0
BRDA:32,5,1,2
BRDA:33,6,0,0
BRDA:33,6,1,2
BRDA:34,7,0,0
BRDA:34,7,1,2
BRDA:36,8,0,2
BRDA:36,8,1,0
BRDA:40,9,0,2
BRDA:40,9,1,0
BRDA:59,10,0,28
BRDA:59,10,1,28
BRDA:59,10,2,26
BRDA:63,11,0,0
BRDA:63,11,1,6
BRDA:72,12,0,3
BRDA:72,12,1,19
BRDA:72,13,0,22
BRDA:72,13,1,19
BRDA:72,13,2,19
BRDA:74,14,0,19
BRDA:74,14,1,0
BRDA:75,15,0,19
BRDA:75,15,1,0
BRDA:76,16,0,13
BRDA:76,16,1,6
BRDA:77,17,0,19
BRDA:77,17,1,0
BRDA:78,18,0,13
BRDA:78,18,1,6
BRDA:79,19,0,6
BRDA:79,19,1,13
BRDA:80,20,0,9
BRDA:80,20,1,4
BRDA:87,21,0,22
BRDA:89,22,0,22
BRDA:89,22,1,22
BRDA:91,23,0,2
BRDA:91,23,1,20
BRDA:91,24,0,22
BRDA:91,24,1,22
BRDA:95,25,0,2
BRDA:95,25,1,18
BRDA:103,26,0,12
BRDA:103,26,1,6
BRDA:108,27,0,0
BRDA:108,27,1,6
BRDA:115,28,0,0
BRDA:115,28,1,6
BRDA:121,29,0,0
BRDA:121,29,1,0
BRDA:126,30,0,0
BRDA:126,31,0,0
BRDA:127,32,0,10
BRDA:127,32,1,10
BRDA:128,33,0,10
BRDA:128,33,1,0
BRDA:130,34,0,0
BRDA:130,34,1,10
BRDA:138,35,0,0
BRDA:138,35,1,10
BRDA:143,36,0,0
BRDA:143,36,1,0
BRDA:150,37,0,0
BRDA:150,37,1,0
BRDA:154,38,0,10
BRDA:154,38,1,0
BRDA:154,39,0,10
BRDA:154,39,1,10
BRDA:155,40,0,10
BRDA:155,40,1,0
BRDA:169,41,0,1
BRDA:170,42,0,1
BRDA:170,42,1,1
BRDA:172,43,0,0
BRDA:172,43,1,1
BRDA:174,44,0,0
BRDA:174,44,1,0
BRDA:177,45,0,1
BRDA:177,45,1,0
BRDA:178,46,0,0
BRDA:178,46,1,1
BRDA:186,47,0,1
BRDA:186,47,1,0
BRDA:188,48,0,0
BRDA:188,48,1,0
BRDA:195,49,0,0
BRDA:196,50,0,1
BRDA:196,50,1,0
BRDA:196,51,0,1
BRDA:196,51,1,0
BRDA:197,52,0,0
BRDA:197,52,1,1
BRDA:199,53,0,0
BRDA:199,53,1,1
BRDA:214,54,0,1
BRDA:214,54,1,0
BRDA:216,55,0,0
BRDA:216,55,1,0
BRDA:225,56,0,1
BRDA:225,56,1,0
BRDA:230,57,0,1
BRDA:230,57,1,0
BRDA:231,58,0,1
BRDA:231,58,1,0
BRDA:233,59,0,0
BRDA:233,59,1,1
BRDA:240,60,0,0
BRDA:240,61,0,0
BRDA:241,62,0,19
BRDA:241,62,1,3
BRDA:245,63,0,6
BRDA:245,63,1,16
BRDA:245,64,0,22
BRDA:245,64,1,22
BRDA:245,64,2,6
BRDA:248,65,0,6
BRDA:248,65,1,0
BRDA:257,66,0,3
BRDA:257,66,1,13
BRDA:266,67,0,16
BRDA:266,67,1,14
BRDA:268,68,0,10
BRDA:268,68,1,6
BRDA:272,69,0,16
BRDA:272,69,1,16
BRDA:274,70,0,4
BRDA:274,70,1,12
BRDA:281,71,0,16
BRDA:281,71,1,0
BRDA:286,72,0,4
BRDA:286,72,1,12
BRDA:287,73,0,16
BRDA:287,73,1,0
BRDA:288,74,0,16
BRDA:288,74,1,3
BRF:145
BRH:91
end_of_record
TN:
SF:src\utils\cacheKeys.js
FN:4,normalizeSegment
FN:17,buildKey
FN:24,(anonymous_2)
FN:29,(anonymous_3)
FN:32,(anonymous_4)
FN:35,(anonymous_5)
FN:40,(anonymous_6)
FN:43,(anonymous_7)
FN:46,(anonymous_8)
FN:51,(anonymous_9)
FN:56,(anonymous_10)
FN:59,(anonymous_11)
FN:64,(anonymous_12)
FN:67,(anonymous_13)
FN:72,(anonymous_14)
FNF:15
FNH:8
FNDA:73,normalizeSegment
FNDA:29,buildKey
FNDA:0,(anonymous_2)
FNDA:0,(anonymous_3)
FNDA:0,(anonymous_4)
FNDA:0,(anonymous_5)
FNDA:4,(anonymous_6)
FNDA:4,(anonymous_7)
FNDA:0,(anonymous_8)
FNDA:2,(anonymous_9)
FNDA:2,(anonymous_10)
FNDA:0,(anonymous_11)
FNDA:0,(anonymous_12)
FNDA:5,(anonymous_13)
FNDA:11,(anonymous_14)
DA:1,13
DA:2,13
DA:5,73
DA:6,73
DA:7,73
DA:10,73
DA:11,73
DA:13,1
DA:14,1
DA:18,29
DA:19,29
DA:22,13
DA:25,0
DA:30,0
DA:33,0
DA:36,0
DA:41,4
DA:44,4
DA:47,0
DA:52,2
DA:57,2
DA:60,0
DA:65,0
DA:68,5
DA:73,11
DA:77,13
LF:26
LH:19
BRDA:5,0,0,0
BRDA:5,0,1,73
BRDA:7,1,0,0
BRDA:7,1,1,73
BRDA:11,2,0,72
BRDA:11,2,1,1
BRDA:24,3,0,0
BRDA:24,4,0,0
BRDA:24,5,0,0
BRDA:36,6,0,0
BRDA:36,6,1,0
BRDA:44,7,0,4
BRDA:44,7,1,0
BRDA:47,8,0,0
BRDA:47,8,1,0
BRDA:68,9,0,5
BRDA:68,9,1,0
BRDA:73,10,0,11
BRDA:73,10,1,0
BRF:19
BRH:7
end_of_record
TN:
SF:src\utils\cloudinary.js
FN:6,ensureConfigured
FN:25,uploadImageBuffer
FN:32,(anonymous_2)
FN:40,(anonymous_3)
FN:60,destroyImage
FNF:5
FNH:0
FNDA:0,ensureConfigured
FNDA:0,uploadImageBuffer
FNDA:0,(anonymous_2)
FNDA:0,(anonymous_3)
FNDA:0,destroyImage
DA:1,22
DA:2,22
DA:4,22
DA:7,0
DA:8,0
DA:9,0
DA:10,0
DA:12,0
DA:13,0
DA:16,0
DA:22,0
DA:26,0
DA:28,0
DA:29,0
DA:32,0
DA:33,0
DA:34,0
DA:41,0
DA:42,0
DA:43,0
DA:45,0
DA:46,0
DA:48,0
DA:52,0
DA:54,0
DA:55,0
DA:61,0
DA:62,0
DA:63,0
DA:64,0
DA:66,0
DA:67,0
DA:71,22
LF:33
LH:4
BRDA:7,0,0,0
BRDA:7,0,1,0
BRDA:8,1,0,0
BRDA:8,1,1,0
BRDA:9,2,0,0
BRDA:9,2,1,0
BRDA:10,3,0,0
BRDA:10,3,1,0
BRDA:12,4,0,0
BRDA:12,4,1,0
BRDA:12,5,0,0
BRDA:12,5,1,0
BRDA:12,5,2,0
BRDA:25,6,0,0
BRDA:28,7,0,0
BRDA:28,7,1,0
BRDA:28,8,0,0
BRDA:28,8,1,0
BRDA:41,9,0,0
BRDA:41,9,1,0
BRDA:45,10,0,0
BRDA:45,10,1,0
BRDA:62,11,0,0
BRDA:62,11,1,0
BRF:24
BRH:0
end_of_record
TN:
SF:src\utils\helpers.js
FN:1,(anonymous_0)
FN:6,(anonymous_1)
FNF:2
FNH:1
FNDA:3,(anonymous_0)
FNDA:0,(anonymous_1)
DA:1,9
DA:6,9
DA:7,0
DA:10,9
LF:4
LH:3
BRDA:2,0,0,3
BRDA:2,0,1,1
BRDA:3,1,0,3
BRDA:3,1,1,2
BRDA:6,2,0,0
BRF:5
BRH:4
end_of_record
TN:
SF:src\utils\jwt.js
FN:22,generateAccessToken
FN:40,generateRefreshToken
FN:55,verifyAccessToken
FN:70,verifyRefreshToken
FN:85,generateTokenPair
FN:98,extractTokenFromHeader
FNF:6
FNH:6
FNDA:2,generateAccessToken
FNDA:2,generateRefreshToken
FNDA:2,verifyAccessToken
FNDA:2,verifyRefreshToken
FNDA:1,generateTokenPair
FNDA:10,extractTokenFromHeader
DA:6,9
DA:7,9
DA:10,9
DA:11,9
DA:14,9
DA:15,9
DA:23,2
DA:32,2
DA:41,2
DA:47,2
DA:56,2
DA:57,2
DA:58,1
DA:59,1
DA:61,1
DA:71,2
DA:72,2
DA:73,1
DA:74,1
DA:76,1
DA:86,1
DA:99,10
DA:100,10
DA:102,1
DA:103,1
DA:105,0
DA:108,9
LF:27
LH:26
BRDA:10,0,0,9
BRDA:10,0,1,9
BRDA:11,1,0,9
BRDA:11,1,1,9
BRDA:28,2,0,2
BRDA:28,2,1,0
BRDA:29,3,0,2
BRDA:29,3,1,0
BRDA:58,4,0,0
BRDA:58,4,1,1
BRDA:73,5,0,0
BRDA:73,5,1,1
BRDA:99,6,0,10
BRDA:99,6,1,9
BRDA:100,7,0,9
BRDA:100,7,1,1
BRDA:102,8,0,1
BRDA:102,8,1,0
BRF:18
BRH:13
end_of_record
TN:
SF:src\utils\swissPairing.js
FN:4,swissPairing
FN:8,(anonymous_1)
FN:17,(anonymous_2)
FN:70,swissTeamPairing
FN:74,(anonymous_4)
FN:83,(anonymous_5)
FNF:6
FNH:6
FNDA:2,swissPairing
FNDA:10,(anonymous_1)
FNDA:10,(anonymous_2)
FNDA:1,swissTeamPairing
FNDA:2,(anonymous_4)
FNDA:2,(anonymous_5)
DA:1,17
DA:2,17
DA:5,2
DA:6,2
DA:7,3
DA:8,10
DA:9,3
DA:10,3
DA:11,3
DA:12,3
DA:13,1
DA:14,1
DA:15,1
DA:17,10
DA:18,3
DA:19,10
DA:20,5
DA:21,5
DA:22,5
DA:23,5
DA:24,5
DA:25,5
DA:28,5
DA:29,0
DA:30,0
DA:31,0
DA:32,0
DA:36,5
DA:37,5
DA:38,5
DA:39,5
DA:40,5
DA:41,5
DA:43,5
DA:44,3
DA:45,3
DA:46,3
DA:47,2
DA:48,1
DA:49,1
DA:50,1
DA:52,1
DA:53,1
DA:54,1
DA:55,1
DA:57,5
DA:58,5
DA:60,0
DA:63,3
DA:64,3
DA:65,3
DA:67,2
DA:71,1
DA:72,1
DA:73,1
DA:74,2
DA:75,1
DA:76,1
DA:77,1
DA:78,1
DA:79,1
DA:80,1
DA:81,1
DA:83,2
DA:84,1
DA:85,2
DA:86,1
DA:87,1
DA:88,1
DA:89,1
DA:90,1
DA:91,1
DA:94,1
DA:95,0
DA:96,0
DA:97,0
DA:98,0
DA:102,1
DA:103,1
DA:104,1
DA:105,1
DA:106,1
DA:107,1
DA:109,1
DA:110,0
DA:111,0
DA:112,0
DA:113,1
DA:114,0
DA:115,0
DA:116,0
DA:118,1
DA:119,1
DA:120,1
DA:121,1
DA:123,1
DA:124,1
DA:126,0
DA:129,1
DA:130,1
DA:131,1
DA:133,1
DA:136,17
LF:103
LH:87
BRDA:12,0,0,1
BRDA:12,0,1,2
BRDA:19,1,0,5
BRDA:19,1,1,5
BRDA:23,2,0,5
BRDA:23,2,1,0
BRDA:23,3,0,5
BRDA:23,3,1,5
BRDA:28,4,0,0
BRDA:28,4,1,5
BRDA:30,5,0,0
BRDA:30,5,1,0
BRDA:36,6,0,5
BRDA:36,6,1,0
BRDA:43,7,0,3
BRDA:43,7,1,2
BRDA:47,8,0,1
BRDA:47,8,1,1
BRDA:63,9,0,1
BRDA:63,9,1,2
BRDA:78,10,0,1
BRDA:78,10,1,0
BRDA:85,11,0,1
BRDA:85,11,1,1
BRDA:89,12,0,1
BRDA:89,12,1,0
BRDA:89,13,0,1
BRDA:89,13,1,1
BRDA:94,14,0,0
BRDA:94,14,1,1
BRDA:96,15,0,0
BRDA:96,15,1,0
BRDA:102,16,0,1
BRDA:102,16,1,0
BRDA:109,17,0,0
BRDA:109,17,1,1
BRDA:113,18,0,0
BRDA:113,18,1,1
BRDA:129,19,0,1
BRDA:129,19,1,0
BRF:40
BRH:26
end_of_record
